{"total": {"lines":{"total":2113,"covered":2065,"skipped":0,"pct":97.72},"statements":{"total":2522,"covered":2414,"skipped":0,"pct":95.71},"functions":{"total":567,"covered":540,"skipped":0,"pct":95.23},"branches":{"total":1450,"covered":1271,"skipped":0,"pct":87.65},"branchesTrue":{"total":0,"covered":0,"skipped":0,"pct":100}}
,"/Users/yelinli/Documents/ChatGPT/EdithPage-remote/src/App.tsx": {"lines":{"total":215,"covered":215,"skipped":0,"pct":100},"functions":{"total":71,"covered":71,"skipped":0,"pct":100},"statements":{"total":277,"covered":273,"skipped":0,"pct":98.55},"branches":{"total":173,"covered":167,"skipped":0,"pct":96.53}}
,"/Users/yelinli/Documents/ChatGPT/EdithPage-remote/src/utils.ts": {"lines":{"total":3,"covered":2,"skipped":0,"pct":66.66},"functions":{"total":1,"covered":1,"skipped":0,"pct":100},"statements":{"total":3,"covered":2,"skipped":0,"pct":66.66},"branches":{"total":0,"covered":0,"skipped":0,"pct":100}}
,"/Users/yelinli/Documents/ChatGPT/EdithPage-remote/src/components/FrequentSiteStrip.tsx": {"lines":{"total":8,"covered":8,"skipped":0,"pct":100},"functions":{"total":5,"covered":5,"skipped":0,"pct":100},"statements":{"total":8,"covered":8,"skipped":0,"pct":100},"branches":{"total":8,"covered":8,"skipped":0,"pct":100}}
,"/Users/yelinli/Documents/ChatGPT/EdithPage-remote/src/components/OnboardingGuide.tsx": {"lines":{"total":7,"covered":7,"skipped":0,"pct":100},"functions":{"total":4,"covered":4,"skipped":0,"pct":100},"statements":{"total":8,"covered":8,"skipped":0,"pct":100},"branches":{"total":4,"covered":4,"skipped":0,"pct":100}}
,"/Users/yelinli/Documents/ChatGPT/EdithPage-remote/src/components/SearchDeck.tsx": {"lines":{"total":21,"covered":21,"skipped":0,"pct":100},"functions":{"total":8,"covered":8,"skipped":0,"pct":100},"statements":{"total":21,"covered":21,"skipped":0,"pct":100},"branches":{"total":7,"covered":7,"skipped":0,"pct":100}}
,"/Users/yelinli/Documents/ChatGPT/EdithPage-remote/src/components/SearchEnginePicker.tsx": {"lines":{"total":18,"covered":18,"skipped":0,"pct":100},"functions":{"total":8,"covered":8,"skipped":0,"pct":100},"statements":{"total":21,"covered":20,"skipped":0,"pct":95.23},"branches":{"total":14,"covered":13,"skipped":0,"pct":92.85}}
,"/Users/yelinli/Documents/ChatGPT/EdithPage-remote/src/components/SettingsDrawer.tsx": {"lines":{"total":76,"covered":76,"skipped":0,"pct":100},"functions":{"total":30,"covered":30,"skipped":0,"pct":100},"statements":{"total":83,"covered":80,"skipped":0,"pct":96.38},"branches":{"total":115,"covered":108,"skipped":0,"pct":93.91}}
,"/Users/yelinli/Documents/ChatGPT/EdithPage-remote/src/components/SiteIcon.tsx": {"lines":{"total":8,"covered":8,"skipped":0,"pct":100},"functions":{"total":5,"covered":5,"skipped":0,"pct":100},"statements":{"total":10,"covered":10,"skipped":0,"pct":100},"branches":{"total":5,"covered":5,"skipped":0,"pct":100}}
,"/Users/yelinli/Documents/ChatGPT/EdithPage-remote/src/components/TemplatePicker.tsx": {"lines":{"total":20,"covered":20,"skipped":0,"pct":100},"functions":{"total":8,"covered":8,"skipped":0,"pct":100},"statements":{"total":32,"covered":32,"skipped":0,"pct":100},"branches":{"total":26,"covered":24,"skipped":0,"pct":92.3}}
,"/Users/yelinli/Documents/ChatGPT/EdithPage-remote/src/data/defaultConfig.ts": {"lines":{"total":2,"covered":2,"skipped":0,"pct":100},"functions":{"total":0,"covered":0,"skipped":0,"pct":100},"statements":{"total":2,"covered":2,"skipped":0,"pct":100},"branches":{"total":0,"covered":0,"skipped":0,"pct":100}}
,"/Users/yelinli/Documents/ChatGPT/EdithPage-remote/src/data/siteIcons.ts": {"lines":{"total":9,"covered":9,"skipped":0,"pct":100},"functions":{"total":3,"covered":3,"skipped":0,"pct":100},"statements":{"total":10,"covered":10,"skipped":0,"pct":100},"branches":{"total":10,"covered":10,"skipped":0,"pct":100}}
,"/Users/yelinli/Documents/ChatGPT/EdithPage-remote/src/demos/liquid-gooey/physics.ts": {"lines":{"total":14,"covered":14,"skipped":0,"pct":100},"functions":{"total":3,"covered":3,"skipped":0,"pct":100},"statements":{"total":15,"covered":15,"skipped":0,"pct":100},"branches":{"total":8,"covered":8,"skipped":0,"pct":100}}
,"/Users/yelinli/Documents/ChatGPT/EdithPage-remote/src/effects/bubbleHighlights.ts": {"lines":{"total":22,"covered":22,"skipped":0,"pct":100},"functions":{"total":4,"covered":4,"skipped":0,"pct":100},"statements":{"total":26,"covered":26,"skipped":0,"pct":100},"branches":{"total":13,"covered":13,"skipped":0,"pct":100}}
,"/Users/yelinli/Documents/ChatGPT/EdithPage-remote/src/effects/liquidMaterial.ts": {"lines":{"total":2,"covered":2,"skipped":0,"pct":100},"functions":{"total":0,"covered":0,"skipped":0,"pct":100},"statements":{"total":2,"covered":2,"skipped":0,"pct":100},"branches":{"total":0,"covered":0,"skipped":0,"pct":100}}
,"/Users/yelinli/Documents/ChatGPT/EdithPage-remote/src/hooks/useLongPress.ts": {"lines":{"total":29,"covered":29,"skipped":0,"pct":100},"functions":{"total":7,"covered":7,"skipped":0,"pct":100},"statements":{"total":34,"covered":33,"skipped":0,"pct":97.05},"branches":{"total":16,"covered":15,"skipped":0,"pct":93.75}}
,"/Users/yelinli/Documents/ChatGPT/EdithPage-remote/src/hooks/useMotionPreference.ts": {"lines":{"total":7,"covered":7,"skipped":0,"pct":100},"functions":{"total":5,"covered":4,"skipped":0,"pct":80},"statements":{"total":10,"covered":9,"skipped":0,"pct":90},"branches":{"total":0,"covered":0,"skipped":0,"pct":100}}
,"/Users/yelinli/Documents/ChatGPT/EdithPage-remote/src/hooks/usePersistentConfig.ts": {"lines":{"total":21,"covered":21,"skipped":0,"pct":100},"functions":{"total":5,"covered":5,"skipped":0,"pct":100},"statements":{"total":24,"covered":24,"skipped":0,"pct":100},"branches":{"total":6,"covered":6,"skipped":0,"pct":100}}
,"/Users/yelinli/Documents/ChatGPT/EdithPage-remote/src/hooks/useViewportWidth.ts": {"lines":{"total":5,"covered":5,"skipped":0,"pct":100},"functions":{"total":5,"covered":4,"skipped":0,"pct":80},"statements":{"total":8,"covered":7,"skipped":0,"pct":87.5},"branches":{"total":0,"covered":0,"skipped":0,"pct":100}}
,"/Users/yelinli/Documents/ChatGPT/EdithPage-remote/src/templates/TemplateHost.tsx": {"lines":{"total":13,"covered":13,"skipped":0,"pct":100},"functions":{"total":5,"covered":5,"skipped":0,"pct":100},"statements":{"total":15,"covered":15,"skipped":0,"pct":100},"branches":{"total":6,"covered":6,"skipped":0,"pct":100}}
,"/Users/yelinli/Documents/ChatGPT/EdithPage-remote/src/templates/config.ts": {"lines":{"total":34,"covered":34,"skipped":0,"pct":100},"functions":{"total":17,"covered":17,"skipped":0,"pct":100},"statements":{"total":45,"covered":45,"skipped":0,"pct":100},"branches":{"total":71,"covered":70,"skipped":0,"pct":98.59}}
,"/Users/yelinli/Documents/ChatGPT/EdithPage-remote/src/templates/registry.ts": {"lines":{"total":6,"covered":2,"skipped":0,"pct":33.33},"functions":{"total":4,"covered":0,"skipped":0,"pct":0},"statements":{"total":6,"covered":2,"skipped":0,"pct":33.33},"branches":{"total":0,"covered":0,"skipped":0,"pct":100}}
,"/Users/yelinli/Documents/ChatGPT/EdithPage-remote/src/templates/useTemplateSelection.ts": {"lines":{"total":34,"covered":34,"skipped":0,"pct":100},"functions":{"total":7,"covered":7,"skipped":0,"pct":100},"statements":{"total":42,"covered":42,"skipped":0,"pct":100},"branches":{"total":12,"covered":12,"skipped":0,"pct":100}}
,"/Users/yelinli/Documents/ChatGPT/EdithPage-remote/src/templates/beijing/BeijingTemplate.tsx": {"lines":{"total":56,"covered":56,"skipped":0,"pct":100},"functions":{"total":34,"covered":33,"skipped":0,"pct":97.05},"statements":{"total":79,"covered":78,"skipped":0,"pct":98.73},"branches":{"total":43,"covered":43,"skipped":0,"pct":100}}
,"/Users/yelinli/Documents/ChatGPT/EdithPage-remote/src/templates/beijing/assets.ts": {"lines":{"total":27,"covered":27,"skipped":0,"pct":100},"functions":{"total":7,"covered":7,"skipped":0,"pct":100},"statements":{"total":35,"covered":35,"skipped":0,"pct":100},"branches":{"total":38,"covered":37,"skipped":0,"pct":97.36}}
,"/Users/yelinli/Documents/ChatGPT/EdithPage-remote/src/templates/beijing/drag.ts": {"lines":{"total":91,"covered":91,"skipped":0,"pct":100},"functions":{"total":16,"covered":16,"skipped":0,"pct":100},"statements":{"total":110,"covered":110,"skipped":0,"pct":100},"branches":{"total":53,"covered":52,"skipped":0,"pct":98.11}}
,"/Users/yelinli/Documents/ChatGPT/EdithPage-remote/src/templates/beijing/icons.ts": {"lines":{"total":34,"covered":34,"skipped":0,"pct":100},"functions":{"total":6,"covered":6,"skipped":0,"pct":100},"statements":{"total":36,"covered":36,"skipped":0,"pct":100},"branches":{"total":15,"covered":14,"skipped":0,"pct":93.33}}
,"/Users/yelinli/Documents/ChatGPT/EdithPage-remote/src/templates/beijing/scene.ts": {"lines":{"total":137,"covered":137,"skipped":0,"pct":100},"functions":{"total":19,"covered":19,"skipped":0,"pct":100},"statements":{"total":157,"covered":157,"skipped":0,"pct":100},"branches":{"total":62,"covered":59,"skipped":0,"pct":95.16}}
,"/Users/yelinli/Documents/ChatGPT/EdithPage-remote/src/templates/beijing/terrain.ts": {"lines":{"total":56,"covered":56,"skipped":0,"pct":100},"functions":{"total":18,"covered":18,"skipped":0,"pct":100},"statements":{"total":66,"covered":65,"skipped":0,"pct":98.48},"branches":{"total":18,"covered":17,"skipped":0,"pct":94.44}}
,"/Users/yelinli/Documents/ChatGPT/EdithPage-remote/src/templates/bubble/BubbleTemplate.tsx": {"lines":{"total":9,"covered":8,"skipped":0,"pct":88.88},"functions":{"total":5,"covered":4,"skipped":0,"pct":80},"statements":{"total":10,"covered":9,"skipped":0,"pct":90},"branches":{"total":10,"covered":9,"skipped":0,"pct":90}}
,"/Users/yelinli/Documents/ChatGPT/EdithPage-remote/src/templates/bubble/runtime.ts": {"lines":{"total":4,"covered":4,"skipped":0,"pct":100},"functions":{"total":1,"covered":1,"skipped":0,"pct":100},"statements":{"total":5,"covered":4,"skipped":0,"pct":80},"branches":{"total":2,"covered":1,"skipped":0,"pct":50}}
,"/Users/yelinli/Documents/ChatGPT/EdithPage-remote/src/templates/bubble/components/BubbleFloatProvider.tsx": {"lines":{"total":85,"covered":85,"skipped":0,"pct":100},"functions":{"total":19,"covered":19,"skipped":0,"pct":100},"statements":{"total":98,"covered":97,"skipped":0,"pct":98.97},"branches":{"total":20,"covered":17,"skipped":0,"pct":85}}
,"/Users/yelinli/Documents/ChatGPT/EdithPage-remote/src/templates/bubble/components/FrequentSites.tsx": {"lines":{"total":5,"covered":5,"skipped":0,"pct":100},"functions":{"total":5,"covered":5,"skipped":0,"pct":100},"statements":{"total":5,"covered":5,"skipped":0,"pct":100},"branches":{"total":0,"covered":0,"skipped":0,"pct":100}}
,"/Users/yelinli/Documents/ChatGPT/EdithPage-remote/src/templates/bubble/components/LiquidBubbleSkin.tsx": {"lines":{"total":1,"covered":1,"skipped":0,"pct":100},"functions":{"total":1,"covered":1,"skipped":0,"pct":100},"statements":{"total":1,"covered":1,"skipped":0,"pct":100},"branches":{"total":0,"covered":0,"skipped":0,"pct":100}}
,"/Users/yelinli/Documents/ChatGPT/EdithPage-remote/src/templates/bubble/components/LiquidDragLayer.tsx": {"lines":{"total":81,"covered":67,"skipped":0,"pct":82.71},"functions":{"total":6,"covered":6,"skipped":0,"pct":100},"statements":{"total":94,"covered":72,"skipped":0,"pct":76.59},"branches":{"total":76,"covered":31,"skipped":0,"pct":40.78}}
,"/Users/yelinli/Documents/ChatGPT/EdithPage-remote/src/templates/bubble/components/LiquidDragSurface.tsx": {"lines":{"total":66,"covered":66,"skipped":0,"pct":100},"functions":{"total":14,"covered":14,"skipped":0,"pct":100},"statements":{"total":87,"covered":82,"skipped":0,"pct":94.25},"branches":{"total":47,"covered":33,"skipped":0,"pct":70.21}}
,"/Users/yelinli/Documents/ChatGPT/EdithPage-remote/src/templates/bubble/components/LiquidEffectBoundary.tsx": {"lines":{"total":4,"covered":4,"skipped":0,"pct":100},"functions":{"total":3,"covered":3,"skipped":0,"pct":100},"statements":{"total":4,"covered":4,"skipped":0,"pct":100},"branches":{"total":2,"covered":2,"skipped":0,"pct":100}}
,"/Users/yelinli/Documents/ChatGPT/EdithPage-remote/src/templates/bubble/components/ModulePanel.tsx": {"lines":{"total":62,"covered":57,"skipped":0,"pct":91.93},"functions":{"total":21,"covered":16,"skipped":0,"pct":76.19},"statements":{"total":68,"covered":61,"skipped":0,"pct":89.7},"branches":{"total":52,"covered":47,"skipped":0,"pct":90.38}}
,"/Users/yelinli/Documents/ChatGPT/EdithPage-remote/src/templates/bubble/components/SiteDragProvider.tsx": {"lines":{"total":162,"covered":146,"skipped":0,"pct":90.12},"functions":{"total":38,"covered":30,"skipped":0,"pct":78.94},"statements":{"total":198,"covered":170,"skipped":0,"pct":85.85},"branches":{"total":148,"covered":98,"skipped":0,"pct":66.21}}
,"/Users/yelinli/Documents/ChatGPT/EdithPage-remote/src/templates/bubble/components/SiteTile.tsx": {"lines":{"total":25,"covered":24,"skipped":0,"pct":96},"functions":{"total":4,"covered":3,"skipped":0,"pct":75},"statements":{"total":25,"covered":24,"skipped":0,"pct":96},"branches":{"total":43,"covered":43,"skipped":0,"pct":100}}
,"/Users/yelinli/Documents/ChatGPT/EdithPage-remote/src/templates/bubble/drag/collision.ts": {"lines":{"total":33,"covered":32,"skipped":0,"pct":96.96},"functions":{"total":6,"covered":5,"skipped":0,"pct":83.33},"statements":{"total":38,"covered":33,"skipped":0,"pct":86.84},"branches":{"total":28,"covered":24,"skipped":0,"pct":85.71}}
,"/Users/yelinli/Documents/ChatGPT/EdithPage-remote/src/templates/bubble/drag/context.ts": {"lines":{"total":3,"covered":3,"skipped":0,"pct":100},"functions":{"total":0,"covered":0,"skipped":0,"pct":100},"statements":{"total":3,"covered":3,"skipped":0,"pct":100},"branches":{"total":0,"covered":0,"skipped":0,"pct":100}}
,"/Users/yelinli/Documents/ChatGPT/EdithPage-remote/src/templates/bubble/drag/liquidDom.ts": {"lines":{"total":18,"covered":17,"skipped":0,"pct":94.44},"functions":{"total":7,"covered":7,"skipped":0,"pct":100},"statements":{"total":21,"covered":18,"skipped":0,"pct":85.71},"branches":{"total":31,"covered":22,"skipped":0,"pct":70.96}}
,"/Users/yelinli/Documents/ChatGPT/EdithPage-remote/src/templates/bubble/drag/liquidGeometry.ts": {"lines":{"total":12,"covered":12,"skipped":0,"pct":100},"functions":{"total":3,"covered":3,"skipped":0,"pct":100},"statements":{"total":13,"covered":13,"skipped":0,"pct":100},"branches":{"total":12,"covered":12,"skipped":0,"pct":100}}
,"/Users/yelinli/Documents/ChatGPT/EdithPage-remote/src/templates/bubble/drag/liquidSession.ts": {"lines":{"total":26,"covered":26,"skipped":0,"pct":100},"functions":{"total":9,"covered":9,"skipped":0,"pct":100},"statements":{"total":33,"covered":33,"skipped":0,"pct":100},"branches":{"total":16,"covered":16,"skipped":0,"pct":100}}
,"/Users/yelinli/Documents/ChatGPT/EdithPage-remote/src/templates/bubble/drag/liquidVisual.ts": {"lines":{"total":2,"covered":2,"skipped":0,"pct":100},"functions":{"total":1,"covered":1,"skipped":0,"pct":100},"statements":{"total":2,"covered":2,"skipped":0,"pct":100},"branches":{"total":0,"covered":0,"skipped":0,"pct":100}}
,"/Users/yelinli/Documents/ChatGPT/EdithPage-remote/src/templates/bubble/hooks/useBubbleFloat.ts": {"lines":{"total":11,"covered":11,"skipped":0,"pct":100},"functions":{"total":4,"covered":4,"skipped":0,"pct":100},"statements":{"total":14,"covered":14,"skipped":0,"pct":100},"branches":{"total":4,"covered":4,"skipped":0,"pct":100}}
,"/Users/yelinli/Documents/ChatGPT/EdithPage-remote/src/templates/bubble/hooks/useBubbleLiquid.ts": {"lines":{"total":93,"covered":92,"skipped":0,"pct":98.92},"functions":{"total":14,"covered":14,"skipped":0,"pct":100},"statements":{"total":114,"covered":112,"skipped":0,"pct":98.24},"branches":{"total":48,"covered":46,"skipped":0,"pct":95.83}}
,"/Users/yelinli/Documents/ChatGPT/EdithPage-remote/src/templates/bubble/physics/bubbleFloat.ts": {"lines":{"total":87,"covered":87,"skipped":0,"pct":100},"functions":{"total":10,"covered":10,"skipped":0,"pct":100},"statements":{"total":98,"covered":95,"skipped":0,"pct":96.93},"branches":{"total":32,"covered":27,"skipped":0,"pct":84.37}}
,"/Users/yelinli/Documents/ChatGPT/EdithPage-remote/src/templates/bubble/physics/liquid.ts": {"lines":{"total":21,"covered":21,"skipped":0,"pct":100},"functions":{"total":8,"covered":8,"skipped":0,"pct":100},"statements":{"total":26,"covered":26,"skipped":0,"pct":100},"branches":{"total":10,"covered":10,"skipped":0,"pct":100}}
,"/Users/yelinli/Documents/ChatGPT/EdithPage-remote/src/templates/bubble/utils/bubbleLayout.ts": {"lines":{"total":24,"covered":24,"skipped":0,"pct":100},"functions":{"total":7,"covered":7,"skipped":0,"pct":100},"statements":{"total":27,"covered":27,"skipped":0,"pct":100},"branches":{"total":10,"covered":10,"skipped":0,"pct":100}}
,"/Users/yelinli/Documents/ChatGPT/EdithPage-remote/src/templates/matter/MatterTemplate.tsx": {"lines":{"total":270,"covered":267,"skipped":0,"pct":98.88},"functions":{"total":50,"covered":46,"skipped":0,"pct":92},"statements":{"total":311,"covered":300,"skipped":0,"pct":96.46},"branches":{"total":109,"covered":94,"skipped":0,"pct":86.23}}
,"/Users/yelinli/Documents/ChatGPT/EdithPage-remote/src/templates/plain/PlainTemplate.tsx": {"lines":{"total":20,"covered":20,"skipped":0,"pct":100},"functions":{"total":19,"covered":19,"skipped":0,"pct":100},"statements":{"total":21,"covered":21,"skipped":0,"pct":100},"branches":{"total":14,"covered":14,"skipped":0,"pct":100}}
,"/Users/yelinli/Documents/ChatGPT/EdithPage-remote/src/utils/moveSite.ts": {"lines":{"total":14,"covered":14,"skipped":0,"pct":100},"functions":{"total":7,"covered":7,"skipped":0,"pct":100},"statements":{"total":21,"covered":21,"skipped":0,"pct":100},"branches":{"total":13,"covered":13,"skipped":0,"pct":100}}
}
