TN:
SF:src/App.tsx
FN:38,loadUsageCounts
FN:47,App
FN:57,(anonymous_2)
FN:59,(anonymous_3)
FN:64,(anonymous_4)
FN:73,(anonymous_5)
FN:87,(anonymous_6)
FN:92,(anonymous_7)
FN:93,(anonymous_8)
FN:98,(anonymous_9)
FN:101,(anonymous_10)
FN:102,(anonymous_11)
FN:104,(anonymous_12)
FN:104,(anonymous_13)
FN:105,(anonymous_14)
FN:106,(anonymous_15)
FN:114,(anonymous_16)
FN:117,(anonymous_17)
FN:118,(anonymous_18)
FN:125,(anonymous_19)
FN:130,(anonymous_20)
FN:136,(anonymous_21)
FN:144,(anonymous_22)
FN:145,(anonymous_23)
FN:151,(anonymous_24)
FN:152,(anonymous_25)
FN:154,(anonymous_26)
FN:164,(anonymous_27)
FN:170,(anonymous_28)
FN:176,(anonymous_29)
FN:184,(anonymous_30)
FN:187,(anonymous_31)
FN:190,(anonymous_32)
FN:198,(anonymous_33)
FN:204,(anonymous_34)
FN:211,(anonymous_35)
FN:218,(anonymous_36)
FN:225,(anonymous_37)
FN:232,(anonymous_38)
FN:235,(anonymous_39)
FN:241,(anonymous_40)
FN:242,(anonymous_41)
FN:243,(anonymous_42)
FN:249,(anonymous_43)
FN:250,(anonymous_44)
FN:256,(anonymous_45)
FN:257,(anonymous_46)
FN:261,(anonymous_47)
FN:270,(anonymous_48)
FN:272,(anonymous_49)
FN:275,(anonymous_50)
FN:276,(anonymous_51)
FN:277,(anonymous_52)
FN:286,(anonymous_53)
FN:287,(anonymous_54)
FN:290,(anonymous_55)
FN:290,(anonymous_56)
FN:292,(anonymous_57)
FN:295,(anonymous_58)
FN:312,(anonymous_59)
FN:319,(anonymous_60)
FN:329,(anonymous_61)
FN:337,(anonymous_62)
FN:338,(anonymous_63)
FN:366,(anonymous_64)
FN:405,(anonymous_65)
FN:418,(anonymous_66)
FN:427,(anonymous_67)
FN:428,(anonymous_68)
FN:429,(anonymous_69)
FN:430,(anonymous_70)
FNF:71
FNH:71
FNDA:40,loadUsageCounts
FNDA:230,App
FNDA:40,(anonymous_2)
FNDA:118,(anonymous_3)
FNDA:2,(anonymous_4)
FNDA:40,(anonymous_5)
FNDA:80,(anonymous_6)
FNDA:101,(anonymous_7)
FNDA:7,(anonymous_8)
FNDA:101,(anonymous_9)
FNDA:60,(anonymous_10)
FNDA:420,(anonymous_11)
FNDA:182,(anonymous_12)
FNDA:330,(anonymous_13)
FNDA:330,(anonymous_14)
FNDA:384,(anonymous_15)
FNDA:297,(anonymous_16)
FNDA:5,(anonymous_17)
FNDA:5,(anonymous_18)
FNDA:8,(anonymous_19)
FNDA:50,(anonymous_20)
FNDA:106,(anonymous_21)
FNDA:8,(anonymous_22)
FNDA:8,(anonymous_23)
FNDA:2,(anonymous_24)
FNDA:23,(anonymous_25)
FNDA:105,(anonymous_26)
FNDA:9,(anonymous_27)
FNDA:1,(anonymous_28)
FNDA:10,(anonymous_29)
FNDA:4,(anonymous_30)
FNDA:2,(anonymous_31)
FNDA:1,(anonymous_32)
FNDA:5,(anonymous_33)
FNDA:7,(anonymous_34)
FNDA:2,(anonymous_35)
FNDA:2,(anonymous_36)
FNDA:2,(anonymous_37)
FNDA:9,(anonymous_38)
FNDA:1,(anonymous_39)
FNDA:7,(anonymous_40)
FNDA:9,(anonymous_41)
FNDA:11,(anonymous_42)
FNDA:18,(anonymous_43)
FNDA:17,(anonymous_44)
FNDA:2,(anonymous_45)
FNDA:5,(anonymous_46)
FNDA:3,(anonymous_47)
FNDA:9,(anonymous_48)
FNDA:9,(anonymous_49)
FNDA:2,(anonymous_50)
FNDA:4,(anonymous_51)
FNDA:4,(anonymous_52)
FNDA:8,(anonymous_53)
FNDA:8,(anonymous_54)
FNDA:15,(anonymous_55)
FNDA:25,(anonymous_56)
FNDA:6,(anonymous_57)
FNDA:1,(anonymous_58)
FNDA:7,(anonymous_59)
FNDA:7,(anonymous_60)
FNDA:4,(anonymous_61)
FNDA:12,(anonymous_62)
FNDA:7,(anonymous_63)
FNDA:5,(anonymous_64)
FNDA:2,(anonymous_65)
FNDA:4,(anonymous_66)
FNDA:5,(anonymous_67)
FNDA:1,(anonymous_68)
FNDA:1,(anonymous_69)
FNDA:6,(anonymous_70)
DA:17,1
DA:18,1
DA:19,1
DA:20,1
DA:22,1
DA:39,40
DA:40,40
DA:41,40
DA:43,1
DA:48,230
DA:49,230
DA:50,230
DA:51,230
DA:52,230
DA:53,230
DA:54,230
DA:55,230
DA:56,230
DA:57,230
DA:58,40
DA:59,118
DA:61,1
DA:64,230
DA:65,2
DA:66,2
DA:67,2
DA:72,230
DA:73,230
DA:74,40
DA:76,230
DA:77,230
DA:78,230
DA:79,230
DA:80,230
DA:81,230
DA:82,230
DA:83,230
DA:84,230
DA:85,230
DA:87,230
DA:88,40
DA:89,40
DA:92,230
DA:93,101
DA:94,7
DA:95,4
DA:97,101
DA:98,101
DA:101,230
DA:102,420
DA:103,60
DA:104,330
DA:105,330
DA:107,384
DA:108,384
DA:109,359
DA:110,384
DA:111,384
DA:114,297
DA:117,230
DA:118,5
DA:119,5
DA:120,5
DA:121,5
DA:125,230
DA:126,8
DA:127,8
DA:130,230
DA:131,50
DA:132,50
DA:133,50
DA:136,230
DA:138,106
DA:139,1
DA:140,1
DA:144,230
DA:145,8
DA:146,8
DA:147,6
DA:148,4
DA:151,230
DA:152,230
DA:154,230
DA:155,105
DA:157,44
DA:158,44
DA:160,1
DA:163,230
DA:164,230
DA:165,9
DA:166,9
DA:167,9
DA:168,9
DA:170,9
DA:171,1
DA:172,1
DA:176,230
DA:177,10
DA:178,10
DA:179,10
DA:180,10
DA:181,10
DA:184,230
DA:185,4
DA:186,4
DA:187,2
DA:189,2
DA:190,1
DA:191,1
DA:192,1
DA:193,1
DA:194,1
DA:198,230
DA:199,5
DA:200,5
DA:201,5
DA:204,230
DA:205,7
DA:206,7
DA:207,7
DA:208,7
DA:211,230
DA:212,2
DA:213,2
DA:214,2
DA:215,2
DA:218,230
DA:219,2
DA:220,2
DA:221,2
DA:222,2
DA:225,230
DA:226,2
DA:227,2
DA:228,2
DA:229,2
DA:232,230
DA:233,9
DA:234,9
DA:235,9
DA:236,1
DA:237,1
DA:241,230
DA:242,9
DA:243,11
DA:244,7
DA:245,7
DA:247,6
DA:250,18
DA:253,6
DA:256,230
DA:257,5
DA:258,2
DA:259,1
DA:261,3
DA:262,1
DA:270,230
DA:271,9
DA:272,9
DA:273,9
DA:274,9
DA:275,2
DA:276,4
DA:277,4
DA:278,2
DA:279,2
DA:280,2
DA:281,2
DA:283,9
DA:286,230
DA:287,8
DA:288,8
DA:289,8
DA:290,25
DA:291,5
DA:292,6
DA:294,5
DA:296,1
DA:297,1
DA:298,1
DA:299,4
DA:312,230
DA:313,7
DA:314,7
DA:316,7
DA:317,1
DA:319,7
DA:320,7
DA:321,1
DA:328,6
DA:329,4
DA:330,1
DA:331,1
DA:332,1
DA:335,4
DA:338,12
DA:339,9
DA:341,3
DA:342,3
DA:343,3
DA:347,7
DA:348,7
DA:351,230
DA:355,230
DA:363,230
DA:368,5
DA:405,2
DA:418,4
DA:427,5
DA:428,1
DA:429,1
DA:431,6
DA:432,1
DA:435,1
DA:436,1
LF:215
LH:215
BRDA:41,0,0,2
BRDA:41,0,1,37
BRDA:47,1,0,230
BRDA:59,2,0,40
BRDA:59,2,1,39
BRDA:74,3,0,35
BRDA:74,3,1,4
BRDA:88,4,0,2
BRDA:88,4,1,38
BRDA:89,5,0,8
BRDA:89,5,1,32
BRDA:94,6,0,4
BRDA:94,6,1,3
BRDA:94,7,0,7
BRDA:94,7,1,7
BRDA:94,7,2,7
BRDA:94,7,3,6
BRDA:94,7,4,6
BRDA:94,7,5,5
BRDA:107,8,0,384
BRDA:107,8,1,372
BRDA:107,9,0,384
BRDA:107,9,1,363
BRDA:108,10,0,25
BRDA:108,10,1,359
BRDA:109,11,0,359
BRDA:109,11,1,311
BRDA:110,12,0,384
BRDA:110,12,1,317
BRDA:119,13,0,5
BRDA:119,13,1,1
BRDA:126,14,0,4
BRDA:126,14,1,4
BRDA:133,15,0,8
BRDA:133,15,1,42
BRDA:138,16,0,1
BRDA:138,16,1,105
BRDA:138,17,0,106
BRDA:138,17,1,105
BRDA:146,18,0,2
BRDA:146,18,1,6
BRDA:146,19,0,8
BRDA:146,19,1,8
BRDA:146,20,0,2
BRDA:146,20,1,0
BRDA:147,21,0,2
BRDA:147,21,1,4
BRDA:152,22,0,1
BRDA:152,22,1,22
BRDA:155,23,0,61
BRDA:155,23,1,44
BRDA:155,24,0,105
BRDA:155,24,1,50
BRDA:155,24,2,47
BRDA:158,25,0,43
BRDA:158,25,1,1
BRDA:158,26,0,44
BRDA:158,26,1,44
BRDA:168,27,0,0
BRDA:168,27,1,9
BRDA:172,28,0,1
BRDA:172,28,1,0
BRDA:177,29,0,0
BRDA:177,29,1,10
BRDA:177,30,0,10
BRDA:177,30,1,10
BRDA:177,30,2,10
BRDA:181,31,0,1
BRDA:181,31,1,9
BRDA:185,32,0,0
BRDA:185,32,1,4
BRDA:185,33,0,4
BRDA:185,33,1,4
BRDA:185,33,2,4
BRDA:186,34,0,2
BRDA:186,34,1,2
BRDA:189,35,0,1
BRDA:189,35,1,1
BRDA:189,36,0,2
BRDA:189,36,1,2
BRDA:207,37,0,1
BRDA:207,37,1,6
BRDA:214,38,0,1
BRDA:214,38,1,1
BRDA:221,39,0,1
BRDA:221,39,1,1
BRDA:228,40,0,1
BRDA:228,40,1,1
BRDA:233,41,0,1
BRDA:233,41,1,8
BRDA:243,42,0,7
BRDA:243,42,1,1
BRDA:244,43,0,6
BRDA:244,43,1,1
BRDA:245,44,0,1
BRDA:245,44,1,6
BRDA:250,45,0,6
BRDA:250,45,1,12
BRDA:258,46,0,1
BRDA:258,46,1,1
BRDA:274,47,0,7
BRDA:274,47,1,2
BRDA:289,48,0,3
BRDA:289,48,1,5
BRDA:294,49,0,1
BRDA:294,49,1,4
BRDA:294,50,0,5
BRDA:294,50,1,1
BRDA:297,51,0,1
BRDA:297,51,1,1
BRDA:297,51,2,1
BRDA:313,52,0,0
BRDA:313,52,1,7
BRDA:314,53,0,5
BRDA:314,53,1,2
BRDA:316,54,0,1
BRDA:316,54,1,6
BRDA:320,55,0,1
BRDA:320,55,1,6
BRDA:328,56,0,2
BRDA:328,56,1,4
BRDA:329,57,0,1
BRDA:329,57,1,1
BRDA:338,58,0,9
BRDA:338,58,1,3
BRDA:338,59,0,12
BRDA:338,59,1,4
BRDA:351,60,0,15
BRDA:351,60,1,215
BRDA:351,61,0,230
BRDA:351,61,1,220
BRDA:355,62,0,2
BRDA:355,62,1,228
BRDA:357,63,0,2
BRDA:357,63,1,226
BRDA:359,64,0,2
BRDA:359,64,1,224
BRDA:365,65,0,63
BRDA:365,65,1,167
BRDA:365,66,0,5
BRDA:365,66,1,225
BRDA:368,67,0,4
BRDA:368,67,1,1
BRDA:388,68,0,230
BRDA:388,68,1,150
BRDA:388,68,2,147
BRDA:405,69,0,1
BRDA:405,69,1,1
BRDA:406,70,0,230
BRDA:406,70,1,63
BRDA:415,71,0,230
BRDA:415,71,1,213
BRDA:415,71,2,199
BRDA:418,72,0,2
BRDA:418,72,1,2
BRDA:422,73,0,17
BRDA:422,73,1,213
BRDA:427,74,0,4
BRDA:427,74,1,1
BRDA:431,75,0,5
BRDA:431,75,1,1
BRDA:431,76,0,6
BRDA:431,76,1,2
BRDA:441,77,0,213
BRDA:441,77,1,48
BRDA:445,78,0,230
BRDA:445,78,1,1
BRDA:446,79,0,230
BRDA:446,79,1,14
BRDA:458,80,0,230
BRDA:458,80,1,22
BRDA:458,80,2,21
BRDA:458,80,3,21
BRF:173
BRH:167
end_of_record
TN:
SF:src/utils.ts
FN:1,getDomain
FNF:1
FNH:1
FNDA:290,getDomain
DA:2,290
DA:3,290
DA:5,0
LF:3
LH:2
BRF:0
BRH:0
end_of_record
TN:
SF:src/components/FrequentSiteStrip.tsx
FN:14,FrequentSiteStrip
FN:22,(anonymous_1)
FN:29,(anonymous_2)
FN:48,(anonymous_3)
FN:51,(anonymous_4)
FNF:5
FNH:5
FNDA:98,FrequentSiteStrip
FNDA:7,(anonymous_1)
FNDA:5,(anonymous_2)
FNDA:2,(anonymous_3)
FNDA:2,(anonymous_4)
DA:15,98
DA:23,7
DA:30,5
DA:31,3
DA:32,3
DA:34,2
DA:48,2
DA:51,2
LF:8
LH:8
BRDA:28,0,0,3
BRDA:28,0,1,4
BRDA:30,1,0,3
BRDA:30,1,1,2
BRDA:41,2,0,7
BRDA:41,2,1,4
BRDA:46,3,0,7
BRDA:46,3,1,3
BRF:8
BRH:8
end_of_record
TN:
SF:src/components/OnboardingGuide.tsx
FN:14,OnboardingGuide
FN:15,(anonymous_1)
FN:17,(anonymous_2)
FN:27,(anonymous_3)
FNF:4
FNH:4
FNDA:25,OnboardingGuide
FNDA:10,(anonymous_1)
FNDA:10,(anonymous_2)
FNDA:100,(anonymous_3)
DA:7,2
DA:15,25
DA:16,10
DA:17,10
DA:19,25
DA:20,25
DA:27,100
LF:7
LH:7
BRDA:27,0,0,25
BRDA:27,0,1,75
BRDA:28,1,0,16
BRDA:28,1,1,9
BRF:4
BRH:4
end_of_record
TN:
SF:src/components/SearchDeck.tsx
FN:11,SearchDeck
FN:15,(anonymous_1)
FN:16,(anonymous_2)
FN:20,(anonymous_3)
FN:27,(anonymous_4)
FN:33,(anonymous_5)
FN:41,(anonymous_6)
FN:51,(anonymous_7)
FNF:8
FNH:8
FNDA:235,SearchDeck
FNDA:43,(anonymous_1)
FNDA:9,(anonymous_2)
FNDA:8,(anonymous_3)
FNDA:43,(anonymous_4)
FNDA:2,(anonymous_5)
FNDA:3,(anonymous_6)
FNDA:2,(anonymous_7)
DA:12,235
DA:13,235
DA:15,235
DA:16,43
DA:17,9
DA:20,43
DA:21,8
DA:22,1
DA:23,1
DA:26,43
DA:27,43
DA:28,43
DA:29,43
DA:33,235
DA:34,2
DA:35,2
DA:36,2
DA:39,235
DA:42,3
DA:43,3
DA:51,2
LF:21
LH:21
BRDA:21,0,0,1
BRDA:21,0,1,7
BRDA:21,1,0,8
BRDA:21,1,1,7
BRDA:21,1,2,1
BRDA:36,2,0,1
BRDA:36,2,1,1
BRF:7
BRH:7
end_of_record
TN:
SF:src/components/SearchEnginePicker.tsx
FN:12,SearchEnginePicker
FN:22,(anonymous_1)
FN:23,(anonymous_2)
FN:26,(anonymous_3)
FN:29,(anonymous_4)
FN:43,(anonymous_5)
FN:47,(anonymous_6)
FN:52,(anonymous_7)
FNF:8
FNH:8
FNDA:247,SearchEnginePicker
FNDA:2,(anonymous_1)
FNDA:1,(anonymous_2)
FNDA:4,(anonymous_3)
FNDA:2,(anonymous_4)
FNDA:3,(anonymous_5)
FNDA:741,(anonymous_6)
FNDA:4,(anonymous_7)
DA:6,2
DA:16,247
DA:17,247
DA:18,247
DA:19,247
DA:22,2
DA:24,1
DA:27,4
DA:30,2
DA:31,1
DA:32,1
DA:34,2
DA:35,1
DA:36,1
DA:37,1
DA:43,3
DA:48,741
DA:52,4
LF:18
LH:18
BRDA:21,0,0,6
BRDA:21,0,1,241
BRDA:24,1,0,0
BRDA:24,1,1,1
BRDA:27,2,0,1
BRDA:27,2,1,3
BRDA:30,3,0,1
BRDA:30,3,1,1
BRDA:34,4,0,1
BRDA:34,4,1,1
BRDA:34,5,0,2
BRDA:34,5,1,1
BRDA:51,6,0,247
BRDA:51,6,1,494
BRF:14
BRH:13
end_of_record
TN:
SF:src/components/SettingsDrawer.tsx
FN:25,normalizeUrl
FN:30,SettingsDrawer
FN:39,(anonymous_2)
FN:41,(anonymous_3)
FN:42,(anonymous_4)
FN:47,(anonymous_5)
FN:61,(anonymous_6)
FN:62,(anonymous_7)
FN:66,(anonymous_8)
FN:81,(anonymous_9)
FN:85,(anonymous_10)
FN:89,(anonymous_11)
FN:103,(anonymous_12)
FN:125,(anonymous_13)
FN:131,(anonymous_14)
FN:145,(anonymous_15)
FN:157,(anonymous_16)
FN:197,(anonymous_17)
FN:198,(anonymous_18)
FN:203,(anonymous_19)
FN:209,(anonymous_20)
FN:228,(anonymous_21)
FN:233,(anonymous_22)
FN:249,(anonymous_23)
FN:253,(anonymous_24)
FN:255,(anonymous_25)
FN:256,(anonymous_26)
FN:257,(anonymous_27)
FN:286,(anonymous_28)
FN:305,(anonymous_29)
FNF:30
FNH:30
FNDA:3,normalizeUrl
FNDA:260,SettingsDrawer
FNDA:8,(anonymous_2)
FNDA:8,(anonymous_3)
FNDA:9,(anonymous_4)
FNDA:7,(anonymous_5)
FNDA:77,(anonymous_6)
FNDA:85,(anonymous_7)
FNDA:3,(anonymous_8)
FNDA:4,(anonymous_9)
FNDA:1,(anonymous_10)
FNDA:1,(anonymous_11)
FNDA:2,(anonymous_12)
FNDA:1,(anonymous_13)
FNDA:2,(anonymous_14)
FNDA:1,(anonymous_15)
FNDA:1,(anonymous_16)
FNDA:1,(anonymous_17)
FNDA:1,(anonymous_18)
FNDA:42,(anonymous_19)
FNDA:1,(anonymous_20)
FNDA:735,(anonymous_21)
FNDA:3,(anonymous_22)
FNDA:1,(anonymous_23)
FNDA:735,(anonymous_24)
FNDA:3,(anonymous_25)
FNDA:2,(anonymous_26)
FNDA:1,(anonymous_27)
FNDA:5,(anonymous_28)
FNDA:1,(anonymous_29)
DA:17,2
DA:23,2
DA:26,3
DA:27,3
DA:39,260
DA:41,8
DA:42,9
DA:43,8
DA:46,260
DA:47,7
DA:50,260
DA:51,260
DA:52,260
DA:53,260
DA:56,260
DA:57,260
DA:58,260
DA:59,260
DA:61,260
DA:62,85
DA:66,260
DA:67,3
DA:68,3
DA:70,3
DA:71,2
DA:77,2
DA:79,2
DA:82,4
DA:83,1
DA:85,1
DA:88,3
DA:89,1
DA:91,2
DA:92,1
DA:94,1
DA:97,2
DA:98,2
DA:101,1
DA:104,2
DA:120,1
DA:121,1
DA:122,1
DA:125,260
DA:126,1
DA:127,1
DA:129,1
DA:132,2
DA:142,1
DA:145,260
DA:146,1
DA:147,1
DA:148,1
DA:149,1
DA:157,1
DA:162,1
DA:163,1
DA:166,260
DA:167,260
DA:168,260
DA:169,260
DA:170,260
DA:171,260
DA:177,260
DA:197,1
DA:198,1
DA:204,42
DA:209,1
DA:229,735
DA:233,3
DA:249,1
DA:253,735
DA:255,3
DA:256,2
DA:257,1
DA:286,5
DA:305,1
LF:76
LH:76
BRDA:27,0,0,2
BRDA:27,0,1,1
BRDA:39,1,0,8
BRDA:39,1,1,252
BRDA:43,2,0,8
BRDA:43,2,1,0
BRDA:43,3,0,8
BRDA:43,3,1,8
BRDA:46,4,0,7
BRDA:46,4,1,253
BRDA:47,5,0,7
BRDA:47,5,1,0
BRDA:50,6,0,260
BRDA:50,6,1,252
BRDA:51,7,0,260
BRDA:51,7,1,252
BRDA:52,8,0,260
BRDA:52,8,1,252
BRDA:54,9,0,260
BRDA:54,9,1,252
BRDA:54,9,2,242
BRDA:54,9,3,3
BRDA:57,10,0,260
BRDA:57,10,1,253
BRDA:58,11,0,260
BRDA:58,11,1,253
BRDA:59,12,0,260
BRDA:59,12,1,253
BRDA:68,13,0,0
BRDA:68,13,1,3
BRDA:68,14,0,3
BRDA:68,14,1,3
BRDA:68,14,2,3
BRDA:70,15,0,2
BRDA:70,15,1,1
BRDA:70,16,0,3
BRDA:70,16,1,2
BRDA:75,17,0,2
BRDA:75,17,1,1
BRDA:82,18,0,1
BRDA:82,18,1,3
BRDA:82,19,0,4
BRDA:82,19,1,2
BRDA:85,20,0,1
BRDA:85,20,1,0
BRDA:88,21,0,1
BRDA:88,21,1,2
BRDA:91,22,0,1
BRDA:91,22,1,1
BRDA:104,23,0,1
BRDA:104,23,1,1
BRDA:113,24,0,1
BRDA:113,24,1,1
BRDA:127,25,0,0
BRDA:127,25,1,1
BRDA:127,26,0,1
BRDA:127,26,1,1
BRDA:132,27,0,1
BRDA:132,27,1,1
BRDA:136,28,0,1
BRDA:136,28,1,1
BRDA:147,29,0,0
BRDA:147,29,1,1
BRDA:157,30,0,1
BRDA:157,30,1,0
BRDA:168,31,0,22
BRDA:168,31,1,238
BRDA:168,32,0,260
BRDA:168,32,1,245
BRDA:169,33,0,22
BRDA:169,33,1,238
BRDA:170,34,0,8
BRDA:170,34,1,252
BRDA:170,35,0,7
BRDA:170,35,1,245
BRDA:171,36,0,8
BRDA:171,36,1,252
BRDA:173,37,0,7
BRDA:173,37,1,245
BRDA:179,38,0,46
BRDA:179,38,1,214
BRDA:180,39,0,46
BRDA:180,39,1,214
BRDA:193,40,0,7
BRDA:193,40,1,253
BRDA:206,41,0,7
BRDA:206,41,1,35
BRDA:213,42,0,42
BRDA:213,42,1,7
BRDA:224,43,0,253
BRDA:224,43,1,245
BRDA:232,44,0,245
BRDA:232,44,1,490
BRDA:237,45,0,735
BRDA:237,45,1,245
BRDA:245,46,0,8
BRDA:245,46,1,245
BRDA:261,47,0,253
BRDA:261,47,1,11
BRDA:261,47,2,9
BRDA:263,48,0,8
BRDA:263,48,1,245
BRDA:264,49,0,8
BRDA:264,49,1,245
BRDA:264,50,0,245
BRDA:264,50,1,5
BRDA:269,51,0,253
BRDA:269,51,1,245
BRDA:271,52,0,245
BRDA:271,52,1,20
BRDA:271,52,2,20
BRDA:277,53,0,12
BRDA:277,53,1,8
BRDA:280,54,0,12
BRDA:280,54,1,8
BRF:115
BRH:108
end_of_record
TN:
SF:src/components/SiteIcon.tsx
FN:11,SiteIconImage
FN:12,(anonymous_1)
FN:19,(anonymous_2)
FN:19,(anonymous_3)
FN:25,SiteIcon
FNF:5
FNH:5
FNDA:294,SiteIconImage
FNDA:191,(anonymous_1)
FNDA:4,(anonymous_2)
FNDA:4,(anonymous_3)
FNDA:290,SiteIcon
DA:12,294
DA:13,294
DA:14,294
DA:15,294
DA:17,294
DA:19,4
DA:26,290
DA:28,290
LF:8
LH:8
BRDA:17,0,0,290
BRDA:17,0,1,4
BRDA:21,1,0,1
BRDA:21,1,1,3
BRDA:25,2,0,290
BRF:5
BRH:5
end_of_record
TN:
SF:src/components/TemplatePicker.tsx
FN:15,TemplatePicker
FN:17,(anonymous_1)
FN:19,(anonymous_2)
FN:21,(anonymous_3)
FN:29,(anonymous_4)
FN:32,(anonymous_5)
FN:44,(anonymous_6)
FN:45,(anonymous_7)
FNF:8
FNH:8
FNDA:19,TemplatePicker
FNDA:15,(anonymous_1)
FNDA:20,(anonymous_2)
FNDA:5,(anonymous_3)
FNDA:6,(anonymous_4)
FNDA:15,(anonymous_5)
FNDA:34,(anonymous_6)
FNDA:5,(anonymous_7)
DA:16,19
DA:17,19
DA:18,15
DA:19,20
DA:20,15
DA:21,15
DA:22,5
DA:23,5
DA:24,2
DA:25,2
DA:26,2
DA:29,15
DA:30,15
DA:31,15
DA:32,15
DA:33,15
DA:34,15
DA:37,19
DA:44,34
DA:45,5
LF:20
LH:20
BRDA:22,0,0,3
BRDA:22,0,1,2
BRDA:23,1,0,2
BRDA:23,1,1,3
BRDA:25,2,0,1
BRDA:25,2,1,1
BRDA:25,3,0,2
BRDA:25,3,1,1
BRDA:25,3,2,0
BRDA:26,4,0,1
BRDA:26,4,1,1
BRDA:26,5,0,2
BRDA:26,5,1,1
BRDA:26,5,2,0
BRDA:29,6,0,3
BRDA:29,6,1,3
BRDA:45,7,0,34
BRDA:45,7,1,26
BRDA:47,8,0,34
BRDA:47,8,1,19
BRDA:50,9,0,19
BRDA:50,9,1,4
BRDA:51,10,0,19
BRDA:51,10,1,3
BRDA:52,11,0,19
BRDA:52,11,1,1
BRF:26
BRH:24
end_of_record
TN:
SF:src/data/defaultConfig.ts
FNF:0
FNH:0
DA:3,9
DA:30,9
LF:2
LH:2
BRF:0
BRH:0
end_of_record
TN:
SF:src/data/siteIcons.ts
FN:29,getLocalSiteIcon
FN:35,getSiteIconFallbackText
FN:40,getSiteIconSources
FNF:3
FNH:3
FNDA:226,getLocalSiteIcon
FNDA:298,getSiteIconFallbackText
FNDA:221,getSiteIconSources
DA:2,8
DA:30,226
DA:31,226
DA:32,226
DA:36,298
DA:43,221
DA:44,217
DA:45,217
DA:46,217
LF:9
LH:9
BRDA:31,0,0,26
BRDA:31,0,1,200
BRDA:32,1,0,26
BRDA:32,1,1,200
BRDA:36,2,0,4
BRDA:36,2,1,294
BRDA:43,3,0,4
BRDA:43,3,1,217
BRDA:46,4,0,22
BRDA:46,4,1,195
BRF:10
BRH:10
end_of_record
TN:
SF:src/demos/liquid-gooey/physics.ts
FN:7,makeScene
FN:18,demoPoint
FN:32,(anonymous_2)
FNF:3
FNH:3
FNDA:6,makeScene
FNDA:2022,demoPoint
FNDA:8467,(anonymous_2)
DA:8,6
DA:9,6
DA:10,6
DA:19,2022
DA:20,2022
DA:21,2022
DA:22,2022
DA:23,2022
DA:24,2022
DA:32,8467
DA:33,2022
DA:34,2022
DA:35,2022
DA:36,2022
LF:14
LH:14
BRDA:12,0,0,2
BRDA:12,0,1,4
BRDA:13,1,0,2
BRDA:13,1,1,4
BRDA:14,2,0,2
BRDA:14,2,1,4
BRDA:20,3,0,1012
BRDA:20,3,1,1010
BRF:8
BRH:8
end_of_record
TN:
SF:src/effects/bubbleHighlights.ts
FN:11,bubbleLight
FN:20,stepLight
FN:30,hoverLight
FN:39,paintBubbleLight
FNF:4
FNH:4
FNDA:20,bubbleLight
FNDA:645,stepLight
FNDA:26,hoverLight
FNDA:13,paintBubbleLight
DA:6,4
DA:7,4
DA:8,4
DA:9,4
DA:12,20
DA:13,19
DA:14,19
DA:16,19
DA:17,19
DA:21,645
DA:22,644
DA:23,644
DA:25,644
DA:31,26
DA:32,24
DA:33,24
DA:34,24
DA:35,11
DA:40,13
DA:41,13
DA:44,13
DA:45,13
LF:22
LH:22
BRDA:12,0,0,1
BRDA:12,0,1,19
BRDA:20,1,0,645
BRDA:21,2,0,1
BRDA:21,2,1,644
BRDA:25,3,0,495
BRDA:25,3,1,149
BRDA:31,4,0,2
BRDA:31,4,1,24
BRDA:31,5,0,26
BRDA:31,5,1,25
BRDA:34,6,0,13
BRDA:34,6,1,11
BRF:13
BRH:13
end_of_record
TN:
SF:src/effects/liquidMaterial.ts
FNF:0
FNH:0
DA:2,3
DA:13,3
LF:2
LH:2
BRF:0
BRH:0
end_of_record
TN:
SF:src/hooks/useLongPress.ts
FN:9,useLongPress
FN:17,(anonymous_1)
FN:25,(anonymous_2)
FN:27,(anonymous_3)
FN:33,(anonymous_4)
FN:41,(anonymous_5)
FN:49,(anonymous_6)
FNF:7
FNH:7
FNDA:170,useLongPress
FNDA:99,(anonymous_1)
FNDA:84,(anonymous_2)
FNDA:13,(anonymous_3)
FNDA:5,(anonymous_4)
FNDA:2,(anonymous_5)
FNDA:10,(anonymous_6)
DA:13,170
DA:14,170
DA:15,170
DA:17,170
DA:18,99
DA:19,6
DA:20,6
DA:22,99
DA:25,170
DA:27,170
DA:28,13
DA:30,11
DA:31,11
DA:32,11
DA:33,11
DA:34,5
DA:35,5
DA:36,5
DA:37,5
DA:41,170
DA:42,2
DA:43,2
DA:45,2
DA:46,2
DA:49,170
DA:50,10
DA:51,3
DA:52,3
DA:55,170
LF:29
LH:29
BRDA:11,0,0,170
BRDA:11,1,0,170
BRDA:11,2,0,170
BRDA:18,3,0,6
BRDA:18,3,1,93
BRDA:28,4,0,2
BRDA:28,4,1,11
BRDA:28,5,0,13
BRDA:28,5,1,12
BRDA:28,5,2,2
BRDA:43,6,0,0
BRDA:43,6,1,2
BRDA:46,7,0,1
BRDA:46,7,1,1
BRDA:50,8,0,7
BRDA:50,8,1,3
BRF:16
BRH:15
end_of_record
TN:
SF:src/hooks/useMotionPreference.ts
FN:4,(anonymous_0)
FN:5,(anonymous_1)
FN:7,subscribe
FN:10,(anonymous_3)
FN:15,useMotionPreference
FNF:5
FNH:4
FNDA:222,(anonymous_0)
FNDA:0,(anonymous_1)
FNDA:28,subscribe
FNDA:28,(anonymous_3)
FNDA:92,useMotionPreference
DA:3,4
DA:4,222
DA:5,4
DA:8,28
DA:9,28
DA:10,28
DA:16,92
LF:7
LH:7
BRF:0
BRH:0
end_of_record
TN:
SF:src/hooks/usePersistentConfig.ts
FN:9,loadConfig
FN:19,usePersistentConfig
FN:20,(anonymous_2)
FN:24,(anonymous_3)
FN:40,(anonymous_4)
FNF:5
FNH:5
FNDA:67,loadConfig
FNDA:265,usePersistentConfig
FNDA:67,(anonymous_2)
FNDA:46,(anonymous_3)
FNDA:3,(anonymous_4)
DA:7,2
DA:10,67
DA:11,67
DA:12,67
DA:13,67
DA:15,3
DA:20,265
DA:21,265
DA:22,265
DA:24,265
DA:27,46
DA:28,46
DA:29,33
DA:30,33
DA:31,33
DA:32,33
DA:33,33
DA:35,3
DA:37,33
DA:40,265
DA:41,265
LF:21
LH:21
BRDA:12,0,0,63
BRDA:12,0,1,2
BRDA:27,1,0,32
BRDA:27,1,1,14
BRDA:28,2,0,13
BRDA:28,2,1,33
BRF:6
BRH:6
end_of_record
TN:
SF:src/hooks/useViewportWidth.ts
FN:3,subscribe
FN:5,(anonymous_1)
FN:8,(anonymous_2)
FN:9,(anonymous_3)
FN:11,useViewportWidth
FNF:5
FNH:4
FNDA:13,subscribe
FNDA:13,(anonymous_1)
FNDA:93,(anonymous_2)
FNDA:0,(anonymous_3)
FNDA:36,useViewportWidth
DA:4,13
DA:5,13
DA:8,93
DA:9,3
DA:12,36
LF:5
LH:5
BRF:0
BRH:0
end_of_record
TN:
SF:src/templates/TemplateHost.tsx
FN:5,MountedTemplate
FN:8,(anonymous_1)
FN:11,(anonymous_2)
FN:13,(anonymous_3)
FN:22,TemplateHost
FNF:5
FNH:5
FNDA:152,MountedTemplate
FNDA:11,(anonymous_1)
FNDA:43,(anonymous_2)
FNDA:43,(anonymous_3)
FNDA:234,TemplateHost
DA:6,152
DA:7,152
DA:8,152
DA:9,11
DA:11,152
DA:12,43
DA:13,43
DA:14,43
DA:15,43
DA:18,152
DA:19,152
DA:25,234
DA:28,152
LF:13
LH:13
BRDA:9,0,0,10
BRDA:9,0,1,1
BRDA:25,1,0,82
BRDA:25,1,1,152
BRDA:26,2,0,1
BRDA:26,2,1,81
BRF:6
BRH:6
end_of_record
TN:
SF:src/templates/config.ts
FN:10,getTemplateAppearance
FN:19,isValidIconPosition
FN:26,normalizeIconPositions
FN:29,(anonymous_3)
FN:33,normalizeIconPositionPersistenceSlot
FN:42,normalizeIconPositionPersistence
FN:50,getIconPositionPersistence
FN:60,isRecord
FN:64,hasNavigationShape
FN:67,(anonymous_9)
FN:70,(anonymous_10)
FN:77,isNavigationConfig
FN:81,normalizeTemplateConfig
FN:83,(anonymous_13)
FN:96,selectTemplate
FN:100,resetContent
FN:104,canSwitchTemplate
FNF:17
FNH:17
FNDA:236,getTemplateAppearance
FNDA:397,isValidIconPosition
FNDA:58,normalizeIconPositions
FNDA:61,(anonymous_3)
FNDA:16,normalizeIconPositionPersistenceSlot
FNDA:14,normalizeIconPositionPersistence
FNDA:51,getIconPositionPersistence
FNDA:1145,isRecord
FNDA:74,hasNavigationShape
FNDA:178,(anonymous_9)
FNDA:408,(anonymous_10)
FNDA:3,isNavigationConfig
FNDA:71,normalizeTemplateConfig
FNDA:101,(anonymous_13)
FNDA:3,selectTemplate
FNDA:4,resetContent
FNDA:181,canSwitchTemplate
DA:5,8
DA:11,236
DA:14,8
DA:20,397
DA:21,122
DA:27,58
DA:28,53
DA:29,61
DA:34,16
DA:35,14
DA:43,14
DA:44,9
DA:45,9
DA:46,9
DA:47,9
DA:51,51
DA:52,51
DA:53,35
DA:61,1145
DA:65,74
DA:66,70
DA:67,69
DA:68,178
DA:69,1
DA:70,408
DA:78,3
DA:82,71
DA:83,101
DA:86,71
DA:87,61
DA:89,10
DA:97,3
DA:101,4
DA:105,181
LF:34
LH:34
BRDA:11,0,0,236
BRDA:11,0,1,231
BRDA:20,1,0,275
BRDA:20,1,1,122
BRDA:21,2,0,122
BRDA:21,2,1,121
BRDA:21,2,2,118
BRDA:21,2,3,116
BRDA:21,2,4,115
BRDA:21,2,5,115
BRDA:21,2,6,115
BRDA:21,2,7,115
BRDA:21,2,8,112
BRDA:21,2,9,110
BRDA:27,3,0,5
BRDA:27,3,1,53
BRDA:34,4,0,2
BRDA:34,4,1,14
BRDA:36,5,0,11
BRDA:36,5,1,3
BRDA:43,6,0,5
BRDA:43,6,1,9
BRDA:45,7,0,7
BRDA:45,7,1,2
BRDA:46,8,0,9
BRDA:46,8,1,0
BRDA:52,9,0,16
BRDA:52,9,1,35
BRDA:61,10,0,1145
BRDA:61,10,1,870
BRDA:61,10,2,864
BRDA:65,11,0,4
BRDA:65,11,1,70
BRDA:65,12,0,74
BRDA:65,12,1,73
BRDA:65,12,2,70
BRDA:65,12,3,71
BRDA:66,13,0,1
BRDA:66,13,1,69
BRDA:66,14,0,70
BRDA:66,14,1,66
BRDA:66,14,2,29
BRDA:68,15,0,1
BRDA:68,15,1,177
BRDA:68,16,0,178
BRDA:68,16,1,178
BRDA:68,16,2,178
BRDA:68,16,3,178
BRDA:68,16,4,177
BRDA:68,16,5,177
BRDA:70,17,0,408
BRDA:70,17,1,408
BRDA:70,17,2,408
BRDA:70,17,3,408
BRDA:70,17,4,407
BRDA:70,17,5,407
BRDA:70,17,6,40
BRDA:78,18,0,3
BRDA:78,18,1,2
BRDA:82,19,0,65
BRDA:82,19,1,6
BRDA:83,20,0,67
BRDA:83,20,1,4
BRDA:83,21,0,71
BRDA:83,21,1,69
BRDA:86,22,0,61
BRDA:86,22,1,10
BRDA:97,23,0,1
BRDA:97,23,1,2
BRDA:105,24,0,181
BRDA:105,24,1,172
BRF:71
BRH:70
end_of_record
TN:
SF:src/templates/registry.ts
FN:11,(anonymous_0)
FN:19,(anonymous_1)
FN:27,(anonymous_2)
FN:35,(anonymous_3)
FNF:4
FNH:0
FNDA:0,(anonymous_0)
FNDA:0,(anonymous_1)
FNDA:0,(anonymous_2)
FNDA:0,(anonymous_3)
DA:3,2
DA:4,2
DA:11,0
DA:19,0
DA:27,0
DA:35,0
LF:6
LH:2
BRF:0
BRH:0
end_of_record
TN:
SF:src/templates/useTemplateSelection.ts
FN:7,useTemplateSelection
FN:16,(anonymous_1)
FN:17,(anonymous_2)
FN:23,(anonymous_3)
FN:25,(anonymous_4)
FN:46,(anonymous_5)
FN:47,(anonymous_6)
FNF:7
FNH:7
FNDA:282,useTemplateSelection
FNDA:69,(anonymous_1)
FNDA:13,(anonymous_2)
FNDA:76,(anonymous_3)
FNDA:82,(anonymous_4)
FNDA:58,(anonymous_5)
FNDA:56,(anonymous_6)
DA:8,282
DA:9,282
DA:10,282
DA:11,282
DA:12,282
DA:13,282
DA:14,282
DA:16,282
DA:17,282
DA:18,13
DA:19,13
DA:20,13
DA:23,282
DA:24,76
DA:25,82
DA:26,74
DA:27,64
DA:28,64
DA:29,64
DA:30,64
DA:31,64
DA:32,64
DA:33,76
DA:34,55
DA:35,55
DA:37,5
DA:39,64
DA:40,58
DA:41,58
DA:46,282
DA:47,282
DA:48,56
DA:49,56
DA:52,282
LF:34
LH:34
BRDA:24,0,0,2
BRDA:24,0,1,74
BRDA:26,1,0,10
BRDA:26,1,1,64
BRDA:32,2,0,64
BRDA:32,2,1,61
BRDA:33,3,0,4
BRDA:33,3,1,72
BRDA:37,4,0,4
BRDA:37,4,1,1
BRDA:39,5,0,58
BRDA:39,5,1,6
BRF:12
BRH:12
end_of_record
TN:
SF:src/templates/beijing/BeijingTemplate.tsx
FN:13,(anonymous_0)
FN:16,(anonymous_1)
FN:18,(anonymous_2)
FN:20,BeijingTemplate
FN:21,(anonymous_4)
FN:31,(anonymous_5)
FN:31,(anonymous_6)
FN:31,(anonymous_7)
FN:35,(anonymous_8)
FN:40,(anonymous_9)
FN:43,(anonymous_10)
FN:45,(anonymous_11)
FN:48,(anonymous_12)
FN:51,(anonymous_13)
FN:56,(anonymous_14)
FN:57,(anonymous_15)
FN:58,(anonymous_16)
FN:67,(anonymous_17)
FN:70,(anonymous_18)
FN:71,(anonymous_19)
FN:72,(anonymous_20)
FN:74,(anonymous_21)
FN:80,(anonymous_22)
FN:89,(anonymous_23)
FN:89,(anonymous_24)
FN:93,(anonymous_25)
FN:94,(anonymous_26)
FN:96,(anonymous_27)
FN:102,(anonymous_28)
FN:104,(anonymous_29)
FN:106,(anonymous_30)
FN:106,(anonymous_31)
FN:113,(anonymous_32)
FN:114,(anonymous_33)
FNF:34
FNH:33
FNDA:18,(anonymous_0)
FNDA:18,(anonymous_1)
FNDA:132,(anonymous_2)
FNDA:51,BeijingTemplate
FNDA:0,(anonymous_4)
FNDA:19,(anonymous_5)
FNDA:18,(anonymous_6)
FNDA:18,(anonymous_7)
FNDA:20,(anonymous_8)
FNDA:41,(anonymous_9)
FNDA:16,(anonymous_10)
FNDA:4,(anonymous_11)
FNDA:20,(anonymous_12)
FNDA:38,(anonymous_13)
FNDA:2,(anonymous_14)
FNDA:2,(anonymous_15)
FNDA:1,(anonymous_16)
FNDA:16,(anonymous_17)
FNDA:39,(anonymous_18)
FNDA:40,(anonymous_19)
FNDA:18,(anonymous_20)
FNDA:18,(anonymous_21)
FNDA:2,(anonymous_22)
FNDA:2,(anonymous_23)
FNDA:2,(anonymous_24)
FNDA:6,(anonymous_25)
FNDA:12,(anonymous_26)
FNDA:208,(anonymous_27)
FNDA:50,(anonymous_28)
FNDA:100,(anonymous_29)
FNDA:2,(anonymous_30)
FNDA:4,(anonymous_31)
FNDA:3,(anonymous_32)
FNDA:2,(anonymous_33)
DA:12,1
DA:13,1
DA:14,18
DA:15,18
DA:16,18
DA:18,132
DA:21,51
DA:22,51
DA:23,51
DA:24,51
DA:25,51
DA:26,51
DA:27,51
DA:28,51
DA:29,51
DA:30,51
DA:31,51
DA:32,51
DA:33,51
DA:35,51
DA:36,20
DA:37,20
DA:40,51
DA:41,41
DA:42,20
DA:43,20
DA:44,16
DA:46,4
DA:48,20
DA:51,51
DA:52,38
DA:54,17
DA:55,17
DA:56,2
DA:57,2
DA:58,1
DA:63,1
DA:64,1
DA:66,16
DA:67,16
DA:70,51
DA:71,51
DA:72,51
DA:73,18
DA:74,18
DA:77,51
DA:80,2
DA:89,2
DA:94,12
DA:95,6
DA:96,208
DA:103,50
DA:104,100
DA:106,4
DA:113,3
DA:114,2
LF:56
LH:56
BRDA:32,0,0,51
BRDA:32,0,1,25
BRDA:32,0,2,24
BRDA:41,1,0,21
BRDA:41,1,1,20
BRDA:41,2,0,41
BRDA:41,2,1,36
BRDA:44,3,0,15
BRDA:44,3,1,1
BRDA:46,4,0,2
BRDA:46,4,1,2
BRDA:52,5,0,21
BRDA:52,5,1,17
BRDA:52,6,0,38
BRDA:52,6,1,17
BRDA:52,6,2,17
BRDA:82,7,0,51
BRDA:82,7,1,45
BRDA:87,8,0,51
BRDA:87,8,1,28
BRDA:87,9,0,3
BRDA:87,9,1,25
BRDA:88,10,0,3
BRDA:88,10,1,25
BRDA:88,11,0,5
BRDA:88,11,1,20
BRDA:89,12,0,28
BRDA:89,12,1,3
BRDA:91,13,0,23
BRDA:91,13,1,28
BRDA:91,14,0,23
BRDA:91,14,1,28
BRDA:92,15,0,51
BRDA:92,15,1,23
BRDA:92,15,2,2
BRDA:104,16,0,50
BRDA:104,16,1,50
BRDA:112,17,0,50
BRDA:112,17,1,6
BRDA:103,18,0,23
BRDA:103,18,1,27
BRDA:119,19,0,51
BRDA:119,19,1,1
BRF:43
BRH:43
end_of_record
TN:
SF:src/templates/beijing/assets.ts
FN:3,parseSvg
FN:11,parseTerrainAssets
FN:20,(anonymous_2)
FN:28,(anonymous_3)
FN:31,(anonymous_4)
FN:36,loadTerrainAssets
FN:37,(anonymous_6)
FNF:7
FNH:7
FNDA:77,parseSvg
FNDA:41,parseTerrainAssets
FNDA:78,(anonymous_2)
FNDA:1963,(anonymous_3)
FNDA:1963,(anonymous_4)
FNDA:25,loadTerrainAssets
FNDA:50,(anonymous_6)
DA:4,77
DA:5,77
DA:6,6
DA:8,71
DA:12,41
DA:13,41
DA:14,41
DA:15,33
DA:16,2
DA:18,31
DA:19,41
DA:20,30
DA:21,78
DA:22,78
DA:23,78
DA:24,74
DA:25,78
DA:26,78
DA:28,1963
DA:31,1963
DA:32,69
DA:37,25
DA:38,50
DA:39,48
DA:40,45
DA:42,25
DA:43,20
LF:27
LH:27
BRDA:5,0,0,6
BRDA:5,0,1,71
BRDA:5,1,0,77
BRDA:5,1,1,75
BRDA:14,2,0,2
BRDA:14,2,1,39
BRDA:14,3,0,41
BRDA:14,3,1,34
BRDA:15,4,0,2
BRDA:15,4,1,31
BRDA:15,5,0,33
BRDA:15,5,1,32
BRDA:18,6,0,31
BRDA:18,6,1,0
BRDA:19,7,0,1
BRDA:19,7,1,40
BRDA:23,8,0,4
BRDA:23,8,1,74
BRDA:23,9,0,78
BRDA:23,9,1,76
BRDA:23,9,2,74
BRDA:23,9,3,74
BRDA:24,10,0,74
BRDA:24,10,1,1
BRDA:26,11,0,1
BRDA:26,11,1,77
BRDA:29,12,0,1963
BRDA:29,12,1,1
BRDA:29,13,0,1963
BRDA:29,13,1,1
BRDA:31,14,0,3
BRDA:31,14,1,69
BRDA:31,15,0,72
BRDA:31,15,1,71
BRDA:31,16,0,1963
BRDA:31,16,1,1962
BRDA:39,17,0,3
BRDA:39,17,1,45
BRF:38
BRH:37
end_of_record
TN:
SF:src/templates/beijing/drag.ts
FN:10,bindSceneDrag
FN:23,(anonymous_1)
FN:42,(anonymous_2)
FN:59,(anonymous_3)
FN:70,(anonymous_4)
FN:71,(anonymous_5)
FN:72,(anonymous_6)
FN:73,(anonymous_7)
FN:74,(anonymous_8)
FN:75,(anonymous_9)
FN:85,(anonymous_10)
FN:98,(anonymous_11)
FN:106,(anonymous_12)
FN:117,(anonymous_13)
FN:118,(anonymous_14)
FN:119,(anonymous_15)
FNF:16
FNH:16
FNDA:58,bindSceneDrag
FNDA:105,(anonymous_1)
FNDA:38,(anonymous_2)
FNDA:21,(anonymous_3)
FNDA:9,(anonymous_4)
FNDA:7,(anonymous_5)
FNDA:3,(anonymous_6)
FNDA:2,(anonymous_7)
FNDA:4,(anonymous_8)
FNDA:2,(anonymous_9)
FNDA:31,(anonymous_10)
FNDA:29,(anonymous_11)
FNDA:4,(anonymous_12)
FNDA:16,(anonymous_13)
FNDA:7,(anonymous_14)
FNDA:60,(anonymous_15)
DA:18,58
DA:19,58
DA:20,58
DA:21,58
DA:23,58
DA:24,105
DA:25,105
DA:26,31
DA:27,31
DA:28,105
DA:29,105
DA:30,31
DA:31,31
DA:32,31
DA:33,31
DA:35,105
DA:36,105
DA:37,105
DA:38,5
DA:39,5
DA:42,58
DA:43,38
DA:44,38
DA:45,5
DA:46,33
DA:47,33
DA:48,38
DA:49,38
DA:50,31
DA:51,31
DA:52,31
DA:55,31
DA:56,31
DA:57,31
DA:58,31
DA:59,31
DA:60,21
DA:61,20
DA:62,20
DA:63,19
DA:64,19
DA:66,20
DA:67,20
DA:68,20
DA:70,31
DA:71,31
DA:72,31
DA:73,31
DA:74,31
DA:75,31
DA:76,31
DA:77,31
DA:78,31
DA:79,31
DA:80,31
DA:81,31
DA:82,31
DA:83,31
DA:84,31
DA:85,31
DA:86,31
DA:87,31
DA:88,31
DA:89,31
DA:90,31
DA:91,31
DA:92,31
DA:93,31
DA:94,31
DA:98,58
DA:99,29
DA:100,29
DA:101,29
DA:102,20
DA:103,20
DA:106,58
DA:107,4
DA:108,4
DA:109,2
DA:110,2
DA:113,58
DA:114,58
DA:115,58
DA:116,58
DA:117,16
DA:118,7
DA:120,60
DA:121,60
DA:122,60
DA:123,60
DA:124,60
LF:91
LH:91
BRDA:25,0,0,74
BRDA:25,0,1,31
BRDA:25,1,0,105
BRDA:25,1,1,33
BRDA:25,1,2,16
BRDA:29,2,0,20
BRDA:29,2,1,85
BRDA:37,3,0,5
BRDA:37,3,1,100
BRDA:37,4,0,105
BRDA:37,4,1,8
BRDA:44,5,0,5
BRDA:44,5,1,33
BRDA:44,6,0,38
BRDA:44,6,1,37
BRDA:44,6,2,36
BRDA:44,6,3,35
BRDA:44,6,4,33
BRDA:44,6,5,34
BRDA:48,7,0,32
BRDA:48,7,1,1
BRDA:49,8,0,2
BRDA:49,8,1,36
BRDA:49,9,0,38
BRDA:49,9,1,31
BRDA:49,9,2,31
BRDA:60,10,0,1
BRDA:60,10,1,20
BRDA:60,11,0,21
BRDA:60,11,1,21
BRDA:62,12,0,19
BRDA:62,12,1,1
BRDA:62,13,0,20
BRDA:62,13,1,20
BRDA:73,14,0,1
BRDA:73,14,1,1
BRDA:74,15,0,3
BRDA:74,15,1,1
BRDA:101,16,0,20
BRDA:101,16,1,9
BRDA:101,17,0,29
BRDA:101,17,1,29
BRDA:101,17,2,24
BRDA:107,18,0,2
BRDA:107,18,1,2
BRDA:108,19,0,2
BRDA:108,19,1,2
BRDA:108,20,0,4
BRDA:108,20,1,3
BRDA:110,21,0,2
BRDA:110,21,1,0
BRDA:118,22,0,2
BRDA:118,22,1,5
BRF:53
BRH:52
end_of_record
TN:
SF:src/templates/beijing/icons.ts
FN:7,hashSeed
FN:16,seeded
FN:18,(anonymous_2)
FN:25,hexToRgba
FN:34,iconRenderStyle
FN:38,createIconBody
FNF:6
FNH:6
FNDA:284,hashSeed
FNDA:284,seeded
FNDA:1852,(anonymous_2)
FNDA:289,hexToRgba
FNDA:289,iconRenderStyle
FNDA:284,createIconBody
DA:8,284
DA:9,284
DA:10,2264
DA:11,2264
DA:13,284
DA:17,284
DA:18,284
DA:19,1852
DA:20,1852
DA:21,1852
DA:26,289
DA:27,289
DA:28,287
DA:29,287
DA:30,287
DA:31,287
DA:35,289
DA:39,284
DA:40,284
DA:42,284
DA:43,284
DA:44,284
DA:45,284
DA:46,284
DA:47,284
DA:48,284
DA:49,284
DA:59,284
DA:63,284
DA:64,44
DA:65,44
DA:66,44
DA:67,44
DA:70,284
LF:34
LH:34
BRDA:17,0,0,284
BRDA:17,0,1,0
BRDA:27,1,0,2
BRDA:27,1,1,287
BRDA:38,2,0,284
BRDA:46,3,0,44
BRDA:46,3,1,240
BRDA:47,4,0,44
BRDA:47,4,1,240
BRDA:48,5,0,44
BRDA:48,5,1,240
BRDA:59,6,0,136
BRDA:59,6,1,148
BRDA:63,7,0,44
BRDA:63,7,1,240
BRF:15
BRH:14
end_of_record
TN:
SF:src/templates/beijing/scene.ts
FN:11,createBeijingScene
FN:18,(anonymous_1)
FN:40,(anonymous_2)
FN:43,(anonymous_3)
FN:50,(anonymous_4)
FN:71,(anonymous_5)
FN:72,(anonymous_6)
FN:74,(anonymous_7)
FN:78,(anonymous_8)
FN:94,(anonymous_9)
FN:105,(anonymous_10)
FN:132,(anonymous_11)
FN:133,(anonymous_12)
FN:161,reconcile
FN:162,(anonymous_14)
FN:169,(anonymous_15)
FN:186,(anonymous_16)
FN:189,(anonymous_17)
FN:195,setPaused
FNF:19
FNH:19
FNDA:33,createBeijingScene
FNDA:43,(anonymous_1)
FNDA:57,(anonymous_2)
FNDA:31,(anonymous_3)
FNDA:104,(anonymous_4)
FNDA:10,(anonymous_5)
FNDA:10,(anonymous_6)
FNDA:10,(anonymous_7)
FNDA:8,(anonymous_8)
FNDA:27,(anonymous_9)
FNDA:11,(anonymous_10)
FNDA:7,(anonymous_11)
FNDA:45,(anonymous_12)
FNDA:41,reconcile
FNDA:143,(anonymous_14)
FNDA:143,(anonymous_15)
FNDA:143,(anonymous_16)
FNDA:4,(anonymous_17)
FNDA:21,setPaused
DA:18,43
DA:20,33
DA:21,33
DA:22,33
DA:23,33
DA:24,33
DA:25,33
DA:26,33
DA:28,33
DA:29,33
DA:32,33
DA:33,33
DA:34,33
DA:35,33
DA:36,33
DA:37,33
DA:38,33
DA:39,33
DA:40,33
DA:41,57
DA:42,57
DA:43,31
DA:48,30
DA:50,33
DA:51,104
DA:52,274
DA:53,274
DA:54,65
DA:55,65
DA:56,65
DA:57,65
DA:58,65
DA:60,104
DA:62,33
DA:63,33
DA:65,1
DA:66,1
DA:67,1
DA:69,32
DA:70,32
DA:71,10
DA:72,10
DA:74,10
DA:78,32
DA:79,8
DA:80,7
DA:81,8
DA:83,8
DA:84,8
DA:85,19
DA:86,19
DA:88,19
DA:89,19
DA:91,7
DA:92,7
DA:94,32
DA:95,27
DA:96,27
DA:97,27
DA:98,27
DA:99,9
DA:100,9
DA:102,18
DA:103,27
DA:105,32
DA:106,11
DA:107,10
DA:108,10
DA:109,6
DA:110,6
DA:111,6
DA:112,6
DA:113,11
DA:114,42
DA:115,6
DA:116,6
DA:117,6
DA:118,6
DA:119,6
DA:120,11
DA:121,105
DA:125,105
DA:127,6
DA:128,6
DA:129,6
DA:131,32
DA:132,32
DA:133,32
DA:134,45
DA:135,32
DA:136,32
DA:137,32
DA:138,32
DA:139,32
DA:140,32
DA:141,32
DA:142,32
DA:143,32
DA:144,32
DA:145,32
DA:146,32
DA:147,32
DA:149,32
DA:150,32
DA:151,32
DA:152,32
DA:153,32
DA:154,32
DA:156,1
DA:157,1
DA:160,31
DA:162,143
DA:163,41
DA:164,13
DA:165,5
DA:166,5
DA:167,5
DA:169,41
DA:170,143
DA:171,143
DA:172,8
DA:173,1
DA:175,8
DA:177,135
DA:178,135
DA:179,135
DA:180,135
DA:181,135
DA:182,135
DA:186,143
DA:187,41
DA:188,1
DA:189,4
DA:190,1
DA:191,1
DA:193,41
DA:195,21
LF:137
LH:137
BRDA:19,0,0,43
BRDA:19,0,1,42
BRDA:30,1,0,33
BRDA:30,1,1,0
BRDA:42,2,0,27
BRDA:42,2,1,30
BRDA:42,3,0,57
BRDA:42,3,1,34
BRDA:46,4,0,29
BRDA:46,4,1,2
BRDA:53,5,0,209
BRDA:53,5,1,65
BRDA:72,6,0,10
BRDA:72,6,1,10
BRDA:79,7,0,1
BRDA:79,7,1,7
BRDA:79,8,0,8
BRDA:79,8,1,7
BRDA:79,8,2,7
BRDA:80,9,0,2
BRDA:80,9,1,5
BRDA:86,10,0,9
BRDA:86,10,1,10
BRDA:86,11,0,19
BRDA:86,11,1,19
BRDA:98,12,0,9
BRDA:98,12,1,18
BRDA:98,13,0,27
BRDA:98,13,1,23
BRDA:100,14,0,6
BRDA:100,14,1,3
BRDA:102,15,0,18
BRDA:102,15,1,0
BRDA:103,16,0,27
BRDA:103,16,1,23
BRDA:106,17,0,1
BRDA:106,17,1,10
BRDA:108,18,0,4
BRDA:108,18,1,6
BRDA:108,19,0,10
BRDA:108,19,1,5
BRDA:108,19,2,5
BRDA:119,20,0,6
BRDA:119,20,1,0
BRDA:123,21,0,2
BRDA:123,21,1,103
BRDA:129,22,0,2
BRDA:129,22,1,4
BRDA:134,23,0,13
BRDA:134,23,1,32
BRDA:164,24,0,8
BRDA:164,24,1,5
BRDA:171,25,0,8
BRDA:171,25,1,135
BRDA:172,26,0,1
BRDA:172,26,1,7
BRDA:178,27,0,20
BRDA:178,27,1,115
BRDA:180,28,0,4
BRDA:180,28,1,131
BRDA:187,29,0,1
BRDA:187,29,1,40
BRF:62
BRH:59
end_of_record
TN:
SF:src/templates/beijing/terrain.ts
FN:26,parsePolygon
FN:33,(anonymous_1)
FN:34,(anonymous_2)
FN:40,polygonBounds
FN:42,(anonymous_4)
FN:42,(anonymous_5)
FN:43,(anonymous_6)
FN:43,(anonymous_7)
FN:47,layoutTerrain
FN:50,(anonymous_9)
FN:52,(anonymous_10)
FN:57,(anonymous_11)
FN:65,createTerrainBodies
FN:67,(anonymous_13)
FN:69,(anonymous_14)
FN:80,(anonymous_15)
FN:89,createBoundaries
FN:103,releaseAboveTerrain
FNF:18
FNH:18
FNDA:107,parsePolygon
FNDA:4441,(anonymous_1)
FNDA:4441,(anonymous_2)
FNDA:104,polygonBounds
FNDA:4438,(anonymous_4)
FNDA:4438,(anonymous_5)
FNDA:4438,(anonymous_6)
FNDA:4438,(anonymous_7)
FNDA:55,layoutTerrain
FNDA:165,(anonymous_9)
FNDA:165,(anonymous_10)
FNDA:165,(anonymous_11)
FNDA:51,createTerrainBodies
FNDA:153,(anonymous_13)
FNDA:11577,(anonymous_14)
FNDA:306,(anonymous_15)
FNDA:51,createBoundaries
FNDA:121,releaseAboveTerrain
DA:5,4
DA:7,4
DA:27,107
DA:28,107
DA:29,107
DA:30,2
DA:32,105
DA:33,4441
DA:34,4441
DA:35,1
DA:37,104
DA:41,104
DA:42,4438
DA:43,4438
DA:48,55
DA:50,165
DA:51,55
DA:52,165
DA:53,55
DA:54,55
DA:55,55
DA:56,55
DA:57,55
DA:58,165
DA:59,165
DA:60,165
DA:62,55
DA:66,51
DA:67,51
DA:69,11577
DA:70,153
DA:71,153
DA:74,153
DA:76,153
DA:77,153
DA:78,153
DA:79,153
DA:80,306
DA:81,153
DA:84,153
DA:85,153
DA:90,51
DA:91,51
DA:92,51
DA:93,51
DA:94,51
DA:104,121
DA:105,121
DA:106,121
DA:107,121
DA:108,121
DA:110,121
DA:111,319
DA:113,121
DA:114,121
DA:115,121
LF:56
LH:56
BRDA:29,0,0,2
BRDA:29,0,1,105
BRDA:34,1,0,1
BRDA:34,1,1,104
BRDA:34,2,0,105
BRDA:34,2,1,105
BRDA:34,3,0,4441
BRDA:34,3,1,4441
BRDA:47,4,0,55
BRDA:55,5,0,8
BRDA:55,5,1,47
BRDA:58,6,0,24
BRDA:58,6,1,141
BRDA:74,7,0,0
BRDA:74,7,1,153
BRDA:89,8,0,51
BRDA:110,9,0,121
BRDA:110,9,1,440
BRF:18
BRH:17
end_of_record
TN:
SF:src/templates/bubble/BubbleTemplate.tsx
FN:10,BubbleTemplate
FN:13,(anonymous_1)
FN:17,(anonymous_2)
FN:24,(anonymous_3)
FN:27,(anonymous_4)
FNF:5
FNH:4
FNDA:6,BubbleTemplate
FNDA:2,(anonymous_1)
FNDA:1,(anonymous_2)
FNDA:12,(anonymous_3)
FNDA:0,(anonymous_4)
DA:11,6
DA:12,6
DA:13,6
DA:14,2
DA:15,2
DA:17,6
DA:18,6
DA:24,12
DA:27,0
LF:9
LH:8
BRDA:19,0,0,5
BRDA:19,0,1,1
BRDA:19,1,0,1
BRDA:19,1,1,5
BRDA:20,2,0,6
BRDA:20,2,1,5
BRDA:22,3,0,6
BRDA:22,3,1,1
BRDA:25,4,0,0
BRDA:25,4,1,12
BRF:10
BRH:9
end_of_record
TN:
SF:src/templates/bubble/runtime.ts
FN:5,useBubbleRuntime
FNF:1
FNH:1
FNDA:109,useBubbleRuntime
DA:4,3
DA:6,109
DA:7,109
DA:8,109
LF:4
LH:4
BRDA:7,0,0,0
BRDA:7,0,1,109
BRF:2
BRH:1
end_of_record
TN:
SF:src/templates/bubble/components/BubbleFloatProvider.tsx
FN:26,BubbleFloatProvider
FN:33,(anonymous_1)
FN:36,(anonymous_2)
FN:41,(anonymous_3)
FN:42,(anonymous_4)
FN:43,(anonymous_5)
FN:43,(anonymous_6)
FN:44,(anonymous_7)
FN:44,(anonymous_8)
FN:63,(anonymous_9)
FN:72,(anonymous_10)
FN:74,(anonymous_11)
FN:75,(anonymous_12)
FN:97,(anonymous_13)
FN:103,(anonymous_14)
FN:108,(anonymous_15)
FN:109,(anonymous_16)
FN:125,(anonymous_17)
FN:139,(anonymous_18)
FNF:19
FNH:19
FNDA:13,BubbleFloatProvider
FNDA:7,(anonymous_1)
FNDA:7,(anonymous_2)
FNDA:10,(anonymous_3)
FNDA:22,(anonymous_4)
FNDA:16,(anonymous_5)
FNDA:25,(anonymous_6)
FNDA:2,(anonymous_7)
FNDA:2,(anonymous_8)
FNDA:13,(anonymous_9)
FNDA:4,(anonymous_10)
FNDA:6,(anonymous_11)
FNDA:6,(anonymous_12)
FNDA:3,(anonymous_13)
FNDA:7,(anonymous_14)
FNDA:1,(anonymous_15)
FNDA:2,(anonymous_16)
FNDA:5,(anonymous_17)
FNDA:4,(anonymous_18)
DA:16,2
DA:17,2
DA:27,13
DA:28,13
DA:29,13
DA:30,13
DA:31,13
DA:33,13
DA:34,7
DA:35,7
DA:36,7
DA:37,7
DA:41,13
DA:42,22
DA:43,25
DA:44,10
DA:45,2
DA:46,2
DA:47,2
DA:50,10
DA:51,2
DA:52,2
DA:54,8
DA:55,3
DA:56,3
DA:59,5
DA:60,5
DA:61,5
DA:63,5
DA:64,13
DA:65,13
DA:66,13
DA:67,13
DA:68,13
DA:69,13
DA:72,5
DA:73,4
DA:74,6
DA:75,6
DA:76,4
DA:77,4
DA:78,6
DA:79,6
DA:80,6
DA:81,4
DA:88,4
DA:89,4
DA:90,4
DA:91,6
DA:92,6
DA:94,4
DA:97,5
DA:98,3
DA:99,3
DA:100,3
DA:103,5
DA:104,7
DA:105,7
DA:108,5
DA:109,5
DA:110,2
DA:111,1
DA:114,5
DA:115,5
DA:116,5
DA:117,5
DA:118,5
DA:119,5
DA:120,5
DA:121,5
DA:122,5
DA:123,5
DA:125,5
DA:126,5
DA:127,5
DA:128,5
DA:129,5
DA:130,5
DA:131,5
DA:132,5
DA:133,5
DA:134,5
DA:135,5
DA:139,13
DA:140,13
LF:85
LH:85
BRDA:31,0,0,13
BRDA:31,0,1,12
BRDA:37,1,0,7
BRDA:37,1,1,0
BRDA:50,2,0,2
BRDA:50,2,1,8
BRDA:54,3,0,3
BRDA:54,3,1,5
BRDA:80,4,0,2
BRDA:80,4,1,4
BRDA:88,5,0,4
BRDA:88,5,1,2
BRDA:99,6,0,0
BRDA:99,6,1,3
BRDA:99,7,0,3
BRDA:99,7,1,3
BRDA:100,8,0,3
BRDA:100,8,1,0
BRDA:110,9,0,1
BRDA:110,9,1,1
BRF:20
BRH:17
end_of_record
TN:
SF:src/templates/bubble/components/FrequentSites.tsx
FN:13,FrequentSites
FN:30,(anonymous_1)
FN:39,(anonymous_2)
FN:40,(anonymous_3)
FN:41,(anonymous_4)
FNF:5
FNH:5
FNDA:7,FrequentSites
FNDA:7,(anonymous_1)
FNDA:2,(anonymous_2)
FNDA:1,(anonymous_3)
FNDA:1,(anonymous_4)
DA:21,7
DA:31,7
DA:39,2
DA:40,1
DA:41,1
LF:5
LH:5
BRF:0
BRH:0
end_of_record
TN:
SF:src/templates/bubble/components/LiquidBubbleSkin.tsx
FN:6,LiquidBubbleSkin
FNF:1
FNH:1
FNDA:21,LiquidBubbleSkin
DA:7,21
LF:1
LH:1
BRF:0
BRH:0
end_of_record
TN:
SF:src/templates/bubble/components/LiquidDragLayer.tsx
FN:11,useAnchor
FN:15,(anonymous_1)
FN:18,LiquidDragLayer
FN:28,(anonymous_3)
FN:45,(anonymous_4)
FN:112,(anonymous_5)
FNF:6
FNH:6
FNDA:20,useAnchor
FNDA:12,(anonymous_1)
FNDA:10,LiquidDragLayer
FNDA:6,(anonymous_3)
FNDA:30,(anonymous_4)
FNDA:6,(anonymous_5)
DA:12,20
DA:13,20
DA:14,20
DA:15,20
DA:19,10
DA:20,10
DA:21,10
DA:22,10
DA:23,10
DA:24,10
DA:25,10
DA:26,10
DA:28,10
DA:29,6
DA:30,6
DA:31,6
DA:32,6
DA:33,6
DA:34,6
DA:35,6
DA:36,6
DA:37,6
DA:38,6
DA:39,6
DA:40,6
DA:41,6
DA:42,6
DA:43,6
DA:45,6
DA:46,30
DA:47,30
DA:49,30
DA:50,0
DA:51,0
DA:53,30
DA:54,30
DA:55,30
DA:56,30
DA:58,30
DA:59,0
DA:60,0
DA:61,30
DA:62,0
DA:63,0
DA:64,0
DA:65,0
DA:66,0
DA:67,0
DA:69,30
DA:70,30
DA:71,0
DA:72,0
DA:74,30
DA:76,30
DA:77,0
DA:78,0
DA:80,30
DA:81,2
DA:82,2
DA:84,30
DA:85,30
DA:86,30
DA:87,30
DA:88,2
DA:89,2
DA:94,30
DA:95,30
DA:96,30
DA:98,30
DA:99,30
DA:100,30
DA:101,30
DA:103,30
DA:104,30
DA:105,30
DA:106,30
DA:108,28
DA:109,28
DA:111,6
DA:112,6
DA:115,10
LF:81
LH:67
BRDA:38,0,0,6
BRDA:38,0,1,0
BRDA:46,1,0,0
BRDA:46,1,1,30
BRDA:49,2,0,0
BRDA:49,2,1,30
BRDA:51,3,0,0
BRDA:51,3,1,0
BRDA:53,4,0,30
BRDA:53,4,1,0
BRDA:54,5,0,0
BRDA:54,5,1,30
BRDA:55,6,0,30
BRDA:55,6,1,0
BRDA:55,6,2,0
BRDA:55,6,3,0
BRDA:55,6,4,0
BRDA:56,7,0,30
BRDA:56,7,1,0
BRDA:56,7,2,0
BRDA:58,8,0,0
BRDA:58,8,1,30
BRDA:58,9,0,30
BRDA:58,9,1,0
BRDA:61,10,0,0
BRDA:61,10,1,30
BRDA:62,11,0,0
BRDA:62,11,1,0
BRDA:67,12,0,0
BRDA:67,12,1,0
BRDA:70,13,0,0
BRDA:70,13,1,30
BRDA:72,14,0,0
BRDA:72,14,1,0
BRDA:72,15,0,0
BRDA:72,15,1,0
BRDA:74,16,0,0
BRDA:74,16,1,30
BRDA:76,17,0,0
BRDA:76,17,1,30
BRDA:77,18,0,0
BRDA:77,18,1,0
BRDA:80,19,0,2
BRDA:80,19,1,28
BRDA:85,20,0,0
BRDA:85,20,1,30
BRDA:85,21,0,30
BRDA:85,21,1,0
BRDA:85,21,2,0
BRDA:85,21,3,0
BRDA:86,22,0,0
BRDA:86,22,1,30
BRDA:87,23,0,2
BRDA:87,23,1,28
BRDA:87,24,0,30
BRDA:87,24,1,2
BRDA:87,24,2,0
BRDA:87,24,3,0
BRDA:94,25,0,30
BRDA:94,25,1,0
BRDA:94,26,0,0
BRDA:94,26,1,0
BRDA:95,27,0,0
BRDA:95,27,1,30
BRDA:99,28,0,30
BRDA:99,28,1,0
BRDA:103,29,0,30
BRDA:103,29,1,0
BRDA:104,30,0,30
BRDA:104,30,1,0
BRDA:106,31,0,2
BRDA:106,31,1,28
BRDA:108,32,0,28
BRDA:108,32,1,0
BRDA:126,33,0,10
BRDA:126,33,1,0
BRF:76
BRH:31
end_of_record
TN:
SF:src/templates/bubble/components/LiquidDragSurface.tsx
FN:12,LiquidDragSurface
FN:18,(anonymous_1)
FN:20,(anonymous_2)
FN:24,(anonymous_3)
FN:28,(anonymous_4)
FN:32,(anonymous_5)
FN:39,(anonymous_6)
FN:47,(anonymous_7)
FN:83,(anonymous_8)
FN:83,(anonymous_9)
FN:87,(anonymous_10)
FN:87,(anonymous_11)
FN:88,(anonymous_12)
FN:88,(anonymous_13)
FNF:14
FNH:14
FNDA:10,LiquidDragSurface
FNDA:6,(anonymous_1)
FNDA:12,(anonymous_2)
FNDA:46,(anonymous_3)
FNDA:484,(anonymous_4)
FNDA:44,(anonymous_5)
FNDA:88,(anonymous_6)
FNDA:88,(anonymous_7)
FNDA:6,(anonymous_8)
FNDA:2,(anonymous_9)
FNDA:20,(anonymous_10)
FNDA:40,(anonymous_11)
FNDA:80,(anonymous_12)
FNDA:160,(anonymous_13)
DA:13,10
DA:14,10
DA:15,10
DA:16,10
DA:17,10
DA:18,10
DA:19,6
DA:20,12
DA:21,6
DA:22,6
DA:23,6
DA:24,6
DA:25,46
DA:26,46
DA:28,6
DA:29,484
DA:30,484
DA:32,6
DA:33,44
DA:34,44
DA:35,44
DA:36,44
DA:37,44
DA:39,44
DA:40,88
DA:41,44
DA:42,44
DA:44,44
DA:45,44
DA:46,44
DA:47,44
DA:48,88
DA:49,88
DA:50,44
DA:51,176
DA:52,44
DA:54,44
DA:55,44
DA:56,44
DA:57,88
DA:58,88
DA:59,88
DA:60,88
DA:61,44
DA:62,44
DA:63,44
DA:64,88
DA:65,88
DA:66,88
DA:67,88
DA:68,88
DA:69,88
DA:70,88
DA:71,176
DA:72,176
DA:73,176
DA:74,176
DA:77,44
DA:78,44
DA:79,44
DA:80,44
DA:82,6
DA:83,6
DA:85,10
DA:87,40
DA:88,160
LF:66
LH:66
BRDA:24,0,0,46
BRDA:24,1,0,46
BRDA:28,2,0,484
BRDA:29,3,0,0
BRDA:29,3,1,484
BRDA:33,4,0,44
BRDA:33,4,1,2
BRDA:36,5,0,0
BRDA:36,5,1,44
BRDA:37,6,0,44
BRDA:37,6,1,0
BRDA:39,7,0,0
BRDA:39,7,1,44
BRDA:39,8,0,0
BRDA:39,8,1,44
BRDA:39,9,0,44
BRDA:39,9,1,44
BRDA:39,10,0,44
BRDA:39,10,1,0
BRDA:40,11,0,44
BRDA:40,11,1,44
BRDA:44,12,0,0
BRDA:44,12,1,44
BRDA:44,13,0,44
BRDA:44,13,1,0
BRDA:49,14,0,44
BRDA:49,14,1,44
BRDA:49,15,0,88
BRDA:49,15,1,44
BRDA:49,15,2,44
BRDA:56,16,0,0
BRDA:56,16,1,44
BRDA:58,17,0,0
BRDA:58,17,1,44
BRDA:58,18,0,88
BRDA:58,18,1,0
BRDA:59,19,0,88
BRDA:59,19,1,44
BRDA:59,19,2,2
BRDA:60,20,0,0
BRDA:60,20,1,88
BRDA:63,21,0,44
BRDA:63,21,1,44
BRDA:77,22,0,44
BRDA:77,22,1,0
BRDA:78,23,0,44
BRDA:78,23,1,0
BRF:47
BRH:33
end_of_record
TN:
SF:src/templates/bubble/components/LiquidEffectBoundary.tsx
FN:8,getDerivedStateFromError
FN:9,componentDidCatch
FN:10,render
FNF:3
FNH:3
FNDA:8,getDerivedStateFromError
FNDA:1,componentDidCatch
FNDA:14,render
DA:7,8
DA:8,2
DA:9,1
DA:10,14
LF:4
LH:4
BRDA:10,0,0,2
BRDA:10,0,1,12
BRF:2
BRH:2
end_of_record
TN:
SF:src/templates/bubble/components/ModulePanel.tsx
FN:31,ModulePanel
FN:62,(anonymous_1)
FN:71,(anonymous_2)
FN:78,(anonymous_3)
FN:81,(anonymous_4)
FN:86,(anonymous_5)
FN:88,(anonymous_6)
FN:94,(anonymous_7)
FN:100,(anonymous_8)
FN:107,(anonymous_9)
FN:134,(anonymous_10)
FN:146,(anonymous_11)
FN:167,(anonymous_12)
FN:174,(anonymous_13)
FN:181,(anonymous_14)
FN:196,(anonymous_15)
FN:197,(anonymous_16)
FN:198,(anonymous_17)
FN:209,(anonymous_18)
FN:223,(anonymous_19)
FN:227,(anonymous_20)
FNF:21
FNH:16
FNDA:21,ModulePanel
FNDA:9,(anonymous_1)
FNDA:10,(anonymous_2)
FNDA:15,(anonymous_3)
FNDA:3,(anonymous_4)
FNDA:1,(anonymous_5)
FNDA:15,(anonymous_6)
FNDA:10,(anonymous_7)
FNDA:2,(anonymous_8)
FNDA:2,(anonymous_9)
FNDA:0,(anonymous_10)
FNDA:1,(anonymous_11)
FNDA:1,(anonymous_12)
FNDA:30,(anonymous_13)
FNDA:147,(anonymous_14)
FNDA:0,(anonymous_15)
FNDA:0,(anonymous_16)
FNDA:0,(anonymous_17)
FNDA:1,(anonymous_18)
FNDA:0,(anonymous_19)
FNDA:2,(anonymous_20)
DA:44,21
DA:45,21
DA:46,21
DA:47,21
DA:52,21
DA:53,21
DA:54,21
DA:55,21
DA:56,21
DA:57,21
DA:58,21
DA:59,21
DA:60,21
DA:61,21
DA:62,21
DA:63,9
DA:66,21
DA:67,21
DA:71,21
DA:72,10
DA:73,10
DA:77,10
DA:78,15
DA:79,10
DA:80,10
DA:81,10
DA:82,3
DA:83,3
DA:84,3
DA:85,3
DA:86,1
DA:88,15
DA:90,1
DA:94,10
DA:95,10
DA:96,10
DA:100,21
DA:101,2
DA:102,2
DA:103,2
DA:104,2
DA:107,21
DA:108,2
DA:109,1
DA:112,21
DA:134,0
DA:146,1
DA:168,1
DA:169,1
DA:170,1
DA:171,1
DA:175,30
DA:176,30
DA:177,30
DA:179,30
DA:182,147
DA:196,0
DA:197,0
DA:198,0
DA:209,1
DA:223,0
DA:227,2
LF:62
LH:57
BRDA:49,0,0,21
BRDA:49,0,1,12
BRDA:52,1,0,21
BRDA:52,1,1,1
BRDA:60,2,0,21
BRDA:60,2,1,19
BRDA:67,3,0,2
BRDA:67,3,1,19
BRDA:73,4,0,0
BRDA:73,4,1,10
BRDA:77,5,0,1
BRDA:77,5,1,9
BRDA:77,6,0,10
BRDA:77,6,1,1
BRDA:82,7,0,1
BRDA:82,7,1,2
BRDA:85,8,0,1
BRDA:85,8,1,2
BRDA:90,9,0,1
BRDA:90,9,1,0
BRDA:102,10,0,0
BRDA:102,10,1,2
BRDA:104,11,0,1
BRDA:104,11,1,1
BRDA:108,12,0,1
BRDA:108,12,1,1
BRDA:109,13,0,1
BRDA:109,13,1,0
BRDA:114,14,0,2
BRDA:114,14,1,19
BRDA:116,15,0,1
BRDA:116,15,1,20
BRDA:131,16,0,12
BRDA:131,16,1,9
BRDA:135,17,0,12
BRDA:135,17,1,9
BRDA:141,18,0,21
BRDA:141,18,1,12
BRDA:160,19,0,21
BRDA:160,19,1,20
BRDA:165,20,0,9
BRDA:165,20,1,12
BRDA:183,21,0,30
BRDA:183,21,1,117
BRDA:202,22,0,30
BRDA:202,22,1,14
BRDA:204,23,0,0
BRDA:204,23,1,14
BRDA:211,24,0,5
BRDA:211,24,1,9
BRDA:221,25,0,21
BRDA:221,25,1,9
BRF:52
BRH:47
end_of_record
TN:
SF:src/templates/bubble/components/SiteDragProvider.tsx
FN:22,eventPoint
FN:40,SiteDragProvider
FN:45,(anonymous_2)
FN:65,(anonymous_3)
FN:67,(anonymous_4)
FN:69,(anonymous_5)
FN:79,(anonymous_6)
FN:83,(anonymous_7)
FN:84,(anonymous_8)
FN:90,(anonymous_9)
FN:105,(anonymous_10)
FN:114,(anonymous_11)
FN:114,(anonymous_12)
FN:130,(anonymous_13)
FN:139,(anonymous_14)
FN:142,(anonymous_15)
FN:142,(anonymous_16)
FN:153,(anonymous_17)
FN:154,(anonymous_18)
FN:163,(anonymous_19)
FN:169,(anonymous_20)
FN:183,(anonymous_21)
FN:191,(anonymous_22)
FN:198,(anonymous_23)
FN:205,(anonymous_24)
FN:218,(anonymous_25)
FN:238,(anonymous_26)
FN:243,(anonymous_27)
FN:243,(anonymous_28)
FN:243,(anonymous_29)
FN:244,(anonymous_30)
FN:244,(anonymous_31)
FN:258,(anonymous_32)
FN:268,(anonymous_33)
FN:269,(anonymous_34)
FN:272,(anonymous_35)
FN:274,(anonymous_36)
FN:291,(anonymous_37)
FNF:38
FNH:30
FNDA:7,eventPoint
FNDA:55,SiteDragProvider
FNDA:68,(anonymous_2)
FNDA:32,(anonymous_3)
FNDA:15,(anonymous_4)
FNDA:1,(anonymous_5)
FNDA:0,(anonymous_6)
FNDA:0,(anonymous_7)
FNDA:1,(anonymous_8)
FNDA:15,(anonymous_9)
FNDA:21,(anonymous_10)
FNDA:2,(anonymous_11)
FNDA:1,(anonymous_12)
FNDA:17,(anonymous_13)
FNDA:17,(anonymous_14)
FNDA:17,(anonymous_15)
FNDA:16,(anonymous_16)
FNDA:8,(anonymous_17)
FNDA:6,(anonymous_18)
FNDA:0,(anonymous_19)
FNDA:8,(anonymous_20)
FNDA:2,(anonymous_21)
FNDA:10,(anonymous_22)
FNDA:4,(anonymous_23)
FNDA:6,(anonymous_24)
FNDA:2,(anonymous_25)
FNDA:1,(anonymous_26)
FNDA:1,(anonymous_27)
FNDA:2,(anonymous_28)
FNDA:1,(anonymous_29)
FNDA:0,(anonymous_30)
FNDA:0,(anonymous_31)
FNDA:0,(anonymous_32)
FNDA:1,(anonymous_33)
FNDA:1,(anonymous_34)
FNDA:0,(anonymous_35)
FNDA:1,(anonymous_36)
FNDA:0,(anonymous_37)
DA:23,7
DA:24,0
DA:25,0
DA:26,0
DA:28,0
DA:41,55
DA:42,55
DA:43,55
DA:44,55
DA:45,55
DA:46,68
DA:47,68
DA:48,32
DA:49,32
DA:51,55
DA:52,55
DA:53,55
DA:54,55
DA:55,55
DA:56,55
DA:57,55
DA:58,55
DA:59,55
DA:60,55
DA:61,55
DA:62,55
DA:63,55
DA:65,55
DA:67,55
DA:68,15
DA:69,15
DA:70,1
DA:71,1
DA:72,1
DA:73,1
DA:74,1
DA:76,1
DA:77,1
DA:79,15
DA:80,0
DA:81,0
DA:83,15
DA:84,15
DA:85,15
DA:86,15
DA:87,15
DA:88,15
DA:89,15
DA:90,15
DA:91,15
DA:92,15
DA:93,15
DA:94,15
DA:95,15
DA:96,15
DA:97,15
DA:98,15
DA:99,15
DA:100,15
DA:101,15
DA:105,55
DA:106,21
DA:107,21
DA:108,1
DA:109,1
DA:110,1
DA:112,21
DA:113,2
DA:114,21
DA:116,21
DA:119,55
DA:130,55
DA:131,17
DA:132,17
DA:133,17
DA:134,17
DA:135,17
DA:136,17
DA:137,17
DA:138,17
DA:139,17
DA:140,17
DA:141,17
DA:142,17
DA:143,17
DA:144,15
DA:145,17
DA:146,17
DA:147,17
DA:148,17
DA:149,17
DA:150,6
DA:151,6
DA:152,6
DA:153,6
DA:154,8
DA:156,6
DA:157,6
DA:158,6
DA:159,6
DA:160,6
DA:161,6
DA:162,0
DA:163,0
DA:164,0
DA:165,0
DA:170,8
DA:172,6
DA:174,6
DA:175,6
DA:176,6
DA:177,6
DA:179,15
DA:180,15
DA:183,55
DA:184,2
DA:185,2
DA:186,2
DA:191,55
DA:192,10
DA:193,10
DA:195,10
DA:198,55
DA:199,4
DA:200,4
DA:201,4
DA:202,4
DA:205,55
DA:206,6
DA:207,6
DA:211,6
DA:212,6
DA:214,1
DA:215,1
DA:216,1
DA:217,1
DA:219,2
DA:220,2
DA:222,1
DA:223,1
DA:226,6
DA:228,6
DA:229,6
DA:230,6
DA:231,6
DA:232,0
DA:233,0
DA:235,6
DA:236,1
DA:237,1
DA:238,1
DA:240,6
DA:243,55
DA:244,55
DA:246,55
DA:258,0
DA:268,1
DA:269,1
DA:272,0
DA:274,1
DA:292,0
DA:293,0
LF:162
LH:146
BRDA:23,0,0,7
BRDA:23,0,1,0
BRDA:24,1,0,0
BRDA:24,1,1,0
BRDA:26,2,0,0
BRDA:26,2,1,0
BRDA:47,3,0,36
BRDA:47,3,1,32
BRDA:47,4,0,68
BRDA:47,4,1,42
BRDA:71,5,0,0
BRDA:71,5,1,1
BRDA:74,6,0,0
BRDA:74,6,1,1
BRDA:81,7,0,0
BRDA:81,7,1,0
BRDA:81,8,0,0
BRDA:81,8,1,0
BRDA:84,9,0,1
BRDA:84,9,1,0
BRDA:98,10,0,1
BRDA:98,10,1,14
BRDA:107,11,0,1
BRDA:107,11,1,20
BRDA:107,12,0,21
BRDA:107,12,1,4
BRDA:112,13,0,19
BRDA:112,13,1,2
BRDA:113,14,0,2
BRDA:113,14,1,2
BRDA:116,15,0,2
BRDA:116,15,1,19
BRDA:116,16,0,21
BRDA:116,16,1,2
BRDA:116,16,2,1
BRDA:136,17,0,0
BRDA:136,17,1,17
BRDA:137,18,0,17
BRDA:137,18,1,0
BRDA:143,19,0,2
BRDA:143,19,1,15
BRDA:143,20,0,17
BRDA:143,20,1,16
BRDA:144,21,0,6
BRDA:144,21,1,9
BRDA:147,22,0,17
BRDA:147,22,1,9
BRDA:148,23,0,17
BRDA:148,23,1,0
BRDA:148,24,0,17
BRDA:148,24,1,0
BRDA:149,25,0,6
BRDA:149,25,1,11
BRDA:149,26,0,17
BRDA:149,26,1,14
BRDA:149,26,2,14
BRDA:149,26,3,14
BRDA:150,27,0,6
BRDA:150,27,1,0
BRDA:150,28,0,0
BRDA:150,28,1,0
BRDA:151,29,0,6
BRDA:151,29,1,0
BRDA:152,30,0,6
BRDA:152,30,1,0
BRDA:154,31,0,8
BRDA:154,31,1,0
BRDA:154,32,0,8
BRDA:154,32,1,8
BRDA:156,33,0,0
BRDA:156,33,1,6
BRDA:159,34,0,0
BRDA:159,34,1,6
BRDA:159,35,0,6
BRDA:159,35,1,6
BRDA:161,36,0,0
BRDA:161,36,1,6
BRDA:161,37,0,6
BRDA:161,37,1,4
BRDA:161,37,2,2
BRDA:165,38,0,0
BRDA:165,38,1,0
BRDA:165,39,0,0
BRDA:165,39,1,0
BRDA:170,40,0,8
BRDA:170,40,1,0
BRDA:174,41,0,6
BRDA:174,41,1,6
BRDA:185,42,0,2
BRDA:185,42,1,0
BRDA:186,43,0,1
BRDA:186,43,1,1
BRDA:186,44,0,2
BRDA:186,44,1,2
BRDA:200,45,0,2
BRDA:200,45,1,2
BRDA:211,46,0,4
BRDA:211,46,1,2
BRDA:212,47,0,1
BRDA:212,47,1,5
BRDA:212,48,0,6
BRDA:212,48,1,1
BRDA:212,48,2,1
BRDA:212,48,3,1
BRDA:215,49,0,1
BRDA:215,49,1,0
BRDA:220,50,0,2
BRDA:220,50,1,2
BRDA:220,50,2,1
BRDA:220,50,3,1
BRDA:223,51,0,1
BRDA:223,51,1,0
BRDA:223,52,0,1
BRDA:223,52,1,1
BRDA:226,53,0,6
BRDA:226,53,1,6
BRDA:226,53,2,6
BRDA:226,53,3,4
BRDA:231,54,0,0
BRDA:231,54,1,6
BRDA:232,55,0,0
BRDA:232,55,1,0
BRDA:233,56,0,0
BRDA:233,56,1,0
BRDA:235,57,0,1
BRDA:235,57,1,5
BRDA:235,58,0,6
BRDA:235,58,1,2
BRDA:235,58,2,2
BRDA:243,59,0,1
BRDA:243,59,1,0
BRDA:244,60,0,0
BRDA:244,60,1,0
BRDA:258,61,0,0
BRDA:258,61,1,0
BRDA:269,62,0,1
BRDA:269,62,1,0
BRDA:270,63,0,0
BRDA:270,63,1,0
BRDA:272,64,0,0
BRDA:272,64,1,0
BRDA:272,65,0,0
BRDA:272,65,1,0
BRDA:282,66,0,55
BRDA:282,66,1,22
BRDA:282,66,2,14
BRDA:290,67,0,55
BRDA:290,67,1,10
BRF:148
BRH:98
end_of_record
TN:
SF:src/templates/bubble/components/SiteTile.tsx
FN:28,SiteTile
FN:58,(anonymous_1)
FN:73,(anonymous_2)
FN:99,(anonymous_3)
FNF:4
FNH:3
FNDA:141,SiteTile
FNDA:6,(anonymous_1)
FNDA:2,(anonymous_2)
FNDA:0,(anonymous_3)
DA:39,141
DA:40,141
DA:41,141
DA:42,141
DA:43,141
DA:44,141
DA:50,141
DA:51,141
DA:58,141
DA:59,6
DA:60,1
DA:61,1
DA:64,5
DA:65,3
DA:66,3
DA:67,3
DA:70,2
DA:73,141
DA:74,2
DA:75,2
DA:76,2
DA:79,141
DA:80,141
DA:82,141
DA:99,0
LF:25
LH:24
BRDA:43,0,0,141
BRDA:43,0,1,1
BRDA:43,0,2,1
BRDA:47,1,0,141
BRDA:47,1,1,47
BRDA:50,2,0,78
BRDA:50,2,1,63
BRDA:59,3,0,1
BRDA:59,3,1,5
BRDA:64,4,0,3
BRDA:64,4,1,2
BRDA:79,5,0,134
BRDA:79,5,1,7
BRDA:80,6,0,134
BRDA:80,6,1,7
BRDA:83,7,0,1
BRDA:83,7,1,140
BRDA:83,8,0,141
BRDA:83,8,1,140
BRDA:83,9,0,141
BRDA:83,9,1,140
BRDA:84,10,0,141
BRDA:84,10,1,1
BRDA:84,10,2,1
BRDA:84,10,3,140
BRDA:86,11,0,47
BRDA:86,11,1,94
BRDA:87,12,0,47
BRDA:87,12,1,94
BRDA:88,13,0,47
BRDA:88,13,1,94
BRDA:95,14,0,1
BRDA:95,14,1,140
BRDA:96,15,0,47
BRDA:96,15,1,94
BRDA:97,16,0,47
BRDA:97,16,1,94
BRDA:101,17,0,134
BRDA:101,17,1,7
BRDA:104,18,0,141
BRDA:104,18,1,47
BRDA:105,19,0,1
BRDA:105,19,1,46
BRF:43
BRH:43
end_of_record
TN:
SF:src/templates/bubble/drag/collision.ts
FN:6,isInsideBubble
FN:14,(anonymous_1)
FN:19,(anonymous_2)
FN:29,(anonymous_3)
FN:39,(anonymous_4)
FN:47,(anonymous_5)
FNF:6
FNH:5
FNDA:15,isInsideBubble
FNDA:9,(anonymous_1)
FNDA:10,(anonymous_2)
FNDA:1,(anonymous_3)
FNDA:1,(anonymous_4)
FNDA:0,(anonymous_5)
DA:7,15
DA:8,13
DA:9,13
DA:10,13
DA:14,5
DA:15,9
DA:19,9
DA:20,10
DA:21,10
DA:22,10
DA:23,4
DA:24,6
DA:29,5
DA:30,1
DA:34,1
DA:35,1
DA:36,1
DA:37,1
DA:38,1
DA:39,1
DA:40,1
DA:41,1
DA:42,1
DA:43,1
DA:44,1
DA:45,1
DA:46,1
DA:47,0
DA:48,1
DA:49,1
DA:50,1
DA:51,1
DA:52,1
LF:33
LH:32
BRDA:7,0,0,2
BRDA:7,0,1,13
BRDA:7,1,0,15
BRDA:7,1,1,13
BRDA:15,2,0,9
BRDA:15,2,1,1
BRDA:22,3,0,4
BRDA:22,3,1,6
BRDA:22,4,0,10
BRDA:22,4,1,9
BRDA:22,4,2,8
BRDA:22,4,3,7
BRDA:22,4,4,6
BRDA:22,4,5,6
BRDA:24,5,0,4
BRDA:24,5,1,2
BRDA:36,6,0,0
BRDA:36,6,1,1
BRDA:36,7,0,1
BRDA:36,7,1,1
BRDA:41,8,0,0
BRDA:41,8,1,1
BRDA:41,9,0,1
BRDA:41,9,1,1
BRDA:45,10,0,0
BRDA:45,10,1,1
BRDA:49,11,0,0
BRDA:49,11,1,1
BRF:28
BRH:24
end_of_record
TN:
SF:src/templates/bubble/drag/context.ts
FNF:0
FNH:0
DA:5,2
DA:8,2
DA:10,2
LF:3
LH:3
BRF:0
BRH:0
end_of_record
TN:
SF:src/templates/bubble/drag/liquidDom.ts
FN:4,findSiteTile
FN:5,(anonymous_1)
FN:9,findBubble
FN:11,(anonymous_3)
FN:14,isVisiblePoint
FN:27,visibleIcon
FN:35,supportsLiquid
FNF:7
FNH:7
FNDA:6,findSiteTile
FNDA:6,(anonymous_1)
FNDA:50,findBubble
FNDA:50,(anonymous_3)
FNDA:36,isVisiblePoint
FNDA:45,visibleIcon
FNDA:14,supportsLiquid
DA:5,6
DA:6,6
DA:10,50
DA:11,50
DA:15,36
DA:16,36
DA:18,36
DA:19,36
DA:20,288
DA:21,0
DA:22,288
DA:24,36
DA:28,45
DA:29,45
DA:30,36
DA:31,36
DA:32,36
DA:36,14
LF:18
LH:17
BRDA:5,0,0,6
BRDA:5,0,1,0
BRDA:5,1,0,6
BRDA:5,1,1,0
BRDA:6,2,0,6
BRDA:6,2,1,6
BRDA:6,2,2,6
BRDA:10,3,0,50
BRDA:10,3,1,0
BRDA:10,4,0,50
BRDA:10,4,1,0
BRDA:15,5,0,0
BRDA:15,5,1,36
BRDA:15,6,0,36
BRDA:15,6,1,36
BRDA:16,7,0,0
BRDA:16,7,1,36
BRDA:20,8,0,0
BRDA:20,8,1,288
BRDA:20,9,0,288
BRDA:20,9,1,0
BRDA:29,10,0,9
BRDA:29,10,1,36
BRDA:32,11,0,36
BRDA:32,11,1,0
BRDA:32,12,0,36
BRDA:32,12,1,36
BRDA:36,13,0,14
BRDA:36,13,1,6
BRDA:36,13,2,6
BRDA:36,13,3,6
BRF:31
BRH:22
end_of_record
TN:
SF:src/templates/bubble/drag/liquidGeometry.ts
FN:5,rectCenter
FN:10,edgeContact
FN:27,containsPoint
FNF:3
FNH:3
FNDA:76,rectCenter
FNDA:41,edgeContact
FNDA:39,containsPoint
DA:3,3
DA:6,76
DA:11,41
DA:12,40
DA:13,40
DA:14,40
DA:15,40
DA:16,40
DA:17,41
DA:18,41
DA:19,41
DA:28,39
LF:12
LH:12
BRDA:11,0,0,1
BRDA:11,0,1,40
BRDA:11,1,0,41
BRDA:11,1,1,40
BRDA:16,2,0,39
BRDA:16,2,1,1
BRDA:28,3,0,39
BRDA:28,3,1,38
BRDA:28,3,2,38
BRDA:28,3,3,37
BRDA:28,3,4,37
BRDA:28,3,5,37
BRF:12
BRH:12
end_of_record
TN:
SF:src/templates/bubble/drag/liquidSession.ts
FN:7,(anonymous_0)
FN:7,(anonymous_1)
FN:20,constructor
FN:20,(anonymous_3)
FN:27,dragging
FN:29,follow
FN:34,settle
FN:40,(anonymous_7)
FN:43,finish
FNF:9
FNH:9
FNDA:2,(anonymous_0)
FNDA:2,(anonymous_1)
FNDA:22,constructor
FNDA:21,(anonymous_3)
FNDA:226,dragging
FNDA:4,follow
FNDA:18,settle
FNDA:11,(anonymous_7)
FNDA:33,finish
DA:4,3
DA:7,3
DA:12,22
DA:13,22
DA:14,22
DA:21,22
DA:22,22
DA:23,22
DA:24,22
DA:27,226
DA:30,4
DA:31,3
DA:35,18
DA:36,17
DA:37,18
DA:38,18
DA:39,18
DA:40,18
DA:44,33
DA:45,20
DA:46,20
DA:47,33
DA:48,33
DA:49,33
DA:50,33
DA:51,33
LF:26
LH:26
BRDA:20,0,0,22
BRDA:20,1,0,21
BRDA:27,2,0,226
BRDA:27,2,1,184
BRDA:30,3,0,1
BRDA:30,3,1,3
BRDA:31,4,0,1
BRDA:31,4,1,2
BRDA:31,5,0,1
BRDA:31,5,1,1
BRDA:35,6,0,1
BRDA:35,6,1,17
BRDA:36,7,0,11
BRDA:36,7,1,6
BRDA:44,8,0,13
BRDA:44,8,1,20
BRF:16
BRH:16
end_of_record
TN:
SF:src/templates/bubble/drag/liquidVisual.ts
FN:9,createLiquidVisual
FNF:1
FNH:1
FNDA:6,createLiquidVisual
DA:6,2
DA:10,6
LF:2
LH:2
BRF:0
BRH:0
end_of_record
TN:
SF:src/templates/bubble/hooks/useBubbleFloat.ts
FN:18,useBubbleFloat
FN:26,(anonymous_1)
FN:28,(anonymous_2)
FN:33,(anonymous_3)
FNF:4
FNH:4
FNDA:28,useBubbleFloat
FNDA:26,(anonymous_1)
FNDA:14,(anonymous_2)
FNDA:13,(anonymous_3)
DA:16,2
DA:22,28
DA:23,28
DA:24,28
DA:25,28
DA:26,28
DA:28,28
DA:29,14
DA:30,9
DA:33,28
DA:34,28
LF:11
LH:11
BRDA:29,0,0,5
BRDA:29,0,1,9
BRDA:29,1,0,14
BRDA:29,1,1,9
BRF:4
BRH:4
end_of_record
TN:
SF:src/templates/bubble/hooks/useBubbleLiquid.ts
FN:10,useBubbleLiquid
FN:12,(anonymous_1)
FN:19,(anonymous_2)
FN:20,(anonymous_3)
FN:32,(anonymous_4)
FN:46,(anonymous_5)
FN:49,(anonymous_6)
FN:50,(anonymous_7)
FN:55,(anonymous_8)
FN:56,(anonymous_9)
FN:72,(anonymous_10)
FN:95,(anonymous_11)
FN:106,(anonymous_12)
FN:108,(anonymous_13)
FNF:14
FNH:14
FNDA:25,useBubbleLiquid
FNDA:14,(anonymous_1)
FNDA:3,(anonymous_2)
FNDA:2,(anonymous_3)
FNDA:5,(anonymous_4)
FNDA:1,(anonymous_5)
FNDA:7,(anonymous_6)
FNDA:8,(anonymous_7)
FNDA:6,(anonymous_8)
FNDA:4,(anonymous_9)
FNDA:4,(anonymous_10)
FNDA:3,(anonymous_11)
FNDA:10,(anonymous_12)
FNDA:1,(anonymous_13)
DA:6,2
DA:7,2
DA:11,25
DA:12,25
DA:13,14
DA:14,14
DA:15,14
DA:16,10
DA:17,10
DA:18,10
DA:19,10
DA:20,3
DA:21,3
DA:26,10
DA:27,10
DA:28,10
DA:29,10
DA:30,10
DA:31,10
DA:32,10
DA:33,5
DA:34,5
DA:35,5
DA:36,5
DA:37,5
DA:38,5
DA:39,5
DA:41,5
DA:42,5
DA:43,5
DA:44,5
DA:45,5
DA:46,5
DA:47,0
DA:49,10
DA:50,10
DA:51,8
DA:52,2
DA:53,2
DA:55,10
DA:56,10
DA:57,4
DA:58,2
DA:59,2
DA:63,10
DA:64,10
DA:65,10
DA:66,10
DA:67,10
DA:68,10
DA:69,10
DA:70,10
DA:72,10
DA:73,4
DA:74,2
DA:75,2
DA:76,2
DA:77,2
DA:78,4
DA:79,4
DA:80,4
DA:81,4
DA:82,4
DA:91,4
DA:92,4
DA:93,4
DA:95,10
DA:96,3
DA:97,3
DA:98,3
DA:99,3
DA:100,3
DA:101,3
DA:102,3
DA:104,10
DA:105,10
DA:106,10
DA:107,10
DA:108,10
DA:109,10
DA:110,10
DA:111,10
DA:112,10
DA:113,10
DA:114,10
DA:115,10
DA:116,10
DA:117,10
DA:118,10
DA:119,10
DA:120,10
DA:121,10
DA:124,25
LF:93
LH:92
BRDA:15,0,0,4
BRDA:15,0,1,10
BRDA:15,1,0,14
BRDA:15,1,1,14
BRDA:15,1,2,14
BRDA:34,2,0,5
BRDA:34,2,1,3
BRDA:37,3,0,2
BRDA:37,3,1,3
BRDA:37,4,0,5
BRDA:37,4,1,3
BRDA:39,5,0,5
BRDA:39,5,1,3
BRDA:46,6,0,5
BRDA:46,6,1,0
BRDA:46,7,0,5
BRDA:46,7,1,3
BRDA:46,7,2,1
BRDA:46,8,0,1
BRDA:46,8,1,0
BRDA:49,9,0,3
BRDA:49,9,1,4
BRDA:51,10,0,6
BRDA:51,10,1,2
BRDA:51,11,0,8
BRDA:51,11,1,6
BRDA:57,12,0,2
BRDA:57,12,1,2
BRDA:57,13,0,4
BRDA:57,13,1,3
BRDA:59,14,0,2
BRDA:59,14,1,1
BRDA:73,15,0,2
BRDA:73,15,1,2
BRDA:73,16,0,4
BRDA:73,16,1,3
BRDA:77,17,0,2
BRDA:77,17,1,1
BRDA:82,18,0,4
BRDA:82,18,1,1
BRDA:98,19,0,2
BRDA:98,19,1,1
BRDA:99,20,0,1
BRDA:99,20,1,2
BRDA:99,21,0,3
BRDA:99,21,1,1
BRDA:100,22,0,1
BRDA:100,22,1,2
BRF:48
BRH:46
end_of_record
TN:
SF:src/templates/bubble/physics/bubbleFloat.ts
FN:26,clamp
FN:30,phaseForId
FN:39,createBubbleFloatBody
FN:43,stopBubbleFloatBody
FN:48,resetBubbleFloatBody
FN:54,capVelocity
FN:62,containBody
FN:74,resolveCollision
FN:120,stepBubbleFloatWorld
FN:127,(anonymous_9)
FNF:10
FNH:10
FNDA:1211,clamp
FNDA:19,phaseForId
FNDA:19,createBubbleFloatBody
FNDA:29,stopBubbleFloatBody
FNDA:3,resetBubbleFloatBody
FNDA:2422,capVelocity
FNDA:2422,containBody
FNDA:3,resolveCollision
FNDA:1207,stepBubbleFloatWorld
FNDA:1210,(anonymous_9)
DA:17,3
DA:27,1211
DA:31,19
DA:32,19
DA:33,90
DA:34,90
DA:36,19
DA:40,19
DA:44,29
DA:45,29
DA:49,3
DA:50,3
DA:51,3
DA:55,2422
DA:56,2422
DA:57,2
DA:58,2
DA:59,2
DA:63,2422
DA:64,2422
DA:65,2
DA:66,2
DA:68,2422
DA:69,2
DA:70,2
DA:80,3
DA:81,3
DA:82,3
DA:83,3
DA:84,3
DA:85,3
DA:86,3
DA:87,3
DA:89,3
DA:91,3
DA:92,1
DA:93,1
DA:94,1
DA:96,3
DA:97,3
DA:98,3
DA:99,3
DA:100,3
DA:101,3
DA:103,3
DA:104,3
DA:105,3
DA:106,3
DA:108,3
DA:109,3
DA:110,3
DA:111,3
DA:112,1
DA:113,1
DA:114,1
DA:115,1
DA:116,1
DA:126,1207
DA:127,1210
DA:128,1207
DA:130,1207
DA:131,1212
DA:132,1210
DA:133,1210
DA:134,1210
DA:135,1210
DA:136,1210
DA:137,1210
DA:138,1210
DA:139,1210
DA:140,1210
DA:141,1210
DA:142,1210
DA:143,1210
DA:144,1210
DA:147,1207
DA:148,1212
DA:149,1212
DA:150,1212
DA:151,1210
DA:152,5
DA:153,5
DA:154,5
DA:155,3
DA:159,1207
DA:160,1212
DA:161,1212
LF:87
LH:87
BRDA:56,0,0,2420
BRDA:56,0,1,2
BRDA:56,1,0,2422
BRDA:56,1,1,2
BRDA:64,2,0,2
BRDA:64,2,1,2420
BRDA:64,3,0,2422
BRDA:64,3,1,2421
BRDA:66,4,0,0
BRDA:66,4,1,2
BRDA:68,5,0,2
BRDA:68,5,1,2420
BRDA:68,6,0,2422
BRDA:68,6,1,2421
BRDA:70,7,0,0
BRDA:70,7,1,2
BRDA:89,8,0,0
BRDA:89,8,1,3
BRDA:91,9,0,1
BRDA:91,9,1,2
BRDA:92,10,0,1
BRDA:92,10,1,0
BRDA:93,11,0,1
BRDA:93,11,1,0
BRDA:111,12,0,1
BRDA:111,12,1,2
BRDA:131,13,0,2
BRDA:131,13,1,1210
BRDA:150,14,0,2
BRDA:150,14,1,1210
BRDA:154,15,0,2
BRDA:154,15,1,3
BRF:32
BRH:27
end_of_record
TN:
SF:src/templates/bubble/physics/liquid.ts
FN:5,(anonymous_0)
FN:6,(anonymous_1)
FN:7,(anonymous_2)
FN:8,(anonymous_3)
FN:10,unit
FN:15,dockPoint
FN:21,contact
FN:30,springStep
FNF:8
FNH:8
FNDA:12965,(anonymous_0)
FNDA:4220,(anonymous_1)
FNDA:7279,(anonymous_2)
FNDA:2212,(anonymous_3)
FNDA:6183,unit
FNDA:4066,dockPoint
FNDA:95,contact
FNDA:540,springStep
DA:5,12965
DA:6,4220
DA:7,7279
DA:8,2212
DA:11,6183
DA:12,6183
DA:16,4066
DA:17,4066
DA:22,95
DA:23,95
DA:24,95
DA:25,95
DA:26,95
DA:27,95
DA:31,540
DA:32,540
DA:33,540
DA:34,540
DA:35,376
DA:36,376
DA:38,540
LF:21
LH:21
BRDA:5,0,0,12965
BRDA:5,1,0,12965
BRDA:12,2,0,1
BRDA:12,2,1,6182
BRDA:30,3,0,540
BRDA:30,4,0,540
BRDA:34,5,0,376
BRDA:34,5,1,164
BRDA:34,6,0,540
BRDA:34,6,1,409
BRF:10
BRH:10
end_of_record
TN:
SF:src/templates/bubble/utils/bubbleLayout.ts
FN:13,buildLayouts
FN:16,(anonymous_1)
FN:18,(anonymous_2)
FN:31,(anonymous_3)
FN:32,(anonymous_4)
FN:40,getBubbleLayout
FN:56,(anonymous_6)
FNF:7
FNH:7
FNDA:4,buildLayouts
FNDA:52,(anonymous_1)
FNDA:364,(anonymous_2)
FNDA:364,(anonymous_3)
FNDA:720,(anonymous_4)
FNDA:721,getBubbleLayout
FNDA:722,(anonymous_6)
DA:10,2
DA:11,2
DA:14,4
DA:16,4
DA:18,364
DA:19,52
DA:21,52
DA:22,52
DA:24,52
DA:25,52
DA:27,52
DA:31,364
DA:32,720
DA:37,2
DA:38,2
DA:41,721
DA:42,721
DA:43,721
DA:44,721
DA:45,721
DA:47,721
DA:48,8652
DA:51,721
DA:56,722
LF:24
LH:24
BRDA:32,0,0,440
BRDA:32,0,1,280
BRDA:42,1,0,428
BRDA:42,1,1,293
BRDA:43,2,0,428
BRDA:43,2,1,293
BRDA:44,3,0,428
BRDA:44,3,1,293
BRDA:48,4,0,5779
BRDA:48,4,1,2873
BRF:10
BRH:10
end_of_record
TN:
SF:src/templates/matter/MatterTemplate.tsx
FN:30,hashSeed
FN:39,seeded
FN:41,(anonymous_2)
FN:48,hexToRgba
FN:57,clampBodyToStage
FN:70,createBody
FN:111,allSites
FN:112,(anonymous_7)
FN:112,(anonymous_8)
FN:115,MatterTemplate
FN:131,(anonymous_10)
FN:134,(anonymous_11)
FN:138,(anonymous_12)
FN:143,(anonymous_13)
FN:145,(anonymous_14)
FN:148,(anonymous_15)
FN:178,(anonymous_16)
FN:180,(anonymous_17)
FN:191,(anonymous_18)
FN:201,(anonymous_19)
FN:212,(anonymous_20)
FN:213,(anonymous_21)
FN:228,(anonymous_22)
FN:252,(anonymous_23)
FN:262,(anonymous_24)
FN:280,(anonymous_25)
FN:283,(anonymous_26)
FN:291,(anonymous_27)
FN:308,(anonymous_28)
FN:319,(anonymous_29)
FN:323,(anonymous_30)
FN:330,(anonymous_31)
FN:352,(anonymous_32)
FN:371,(anonymous_33)
FN:405,(anonymous_34)
FN:409,(anonymous_35)
FN:410,(anonymous_36)
FN:411,(anonymous_37)
FN:412,(anonymous_38)
FN:415,(anonymous_39)
FN:422,(anonymous_40)
FN:425,(anonymous_41)
FN:436,(anonymous_42)
FN:452,(anonymous_43)
FN:474,(anonymous_44)
FN:480,(anonymous_45)
FN:492,(anonymous_46)
FN:493,(anonymous_47)
FN:512,(anonymous_48)
FN:515,(anonymous_49)
FNF:50
FNH:46
FNDA:52,hashSeed
FNDA:52,seeded
FNDA:328,(anonymous_2)
FNDA:52,hexToRgba
FNDA:18,clampBodyToStage
FNDA:52,createBody
FNDA:39,allSites
FNDA:38,(anonymous_7)
FNDA:52,(anonymous_8)
FNDA:40,MatterTemplate
FNDA:39,(anonymous_10)
FNDA:0,(anonymous_11)
FNDA:36,(anonymous_12)
FNDA:37,(anonymous_13)
FNDA:37,(anonymous_14)
FNDA:37,(anonymous_15)
FNDA:68,(anonymous_16)
FNDA:30,(anonymous_17)
FNDA:41,(anonymous_18)
FNDA:117,(anonymous_19)
FNDA:40,(anonymous_20)
FNDA:54,(anonymous_21)
FNDA:54,(anonymous_22)
FNDA:7,(anonymous_23)
FNDA:16,(anonymous_24)
FNDA:4,(anonymous_25)
FNDA:5,(anonymous_26)
FNDA:37,(anonymous_27)
FNDA:0,(anonymous_28)
FNDA:40,(anonymous_29)
FNDA:36,(anonymous_30)
FNDA:12,(anonymous_31)
FNDA:22,(anonymous_32)
FNDA:28,(anonymous_33)
FNDA:12,(anonymous_34)
FNDA:11,(anonymous_35)
FNDA:3,(anonymous_36)
FNDA:2,(anonymous_37)
FNDA:3,(anonymous_38)
FNDA:3,(anonymous_39)
FNDA:1,(anonymous_40)
FNDA:1,(anonymous_41)
FNDA:23,(anonymous_42)
FNDA:0,(anonymous_43)
FNDA:54,(anonymous_44)
FNDA:108,(anonymous_45)
FNDA:0,(anonymous_46)
FNDA:15,(anonymous_47)
FNDA:1,(anonymous_48)
FNDA:1,(anonymous_49)
DA:31,52
DA:32,52
DA:33,244
DA:34,244
DA:36,52
DA:40,52
DA:41,52
DA:42,328
DA:43,328
DA:44,328
DA:49,52
DA:50,52
DA:51,52
DA:52,52
DA:53,52
DA:54,52
DA:58,18
DA:59,18
DA:60,18
DA:61,18
DA:62,18
DA:63,18
DA:64,18
DA:71,52
DA:72,52
DA:74,52
DA:75,52
DA:76,52
DA:77,52
DA:78,52
DA:79,52
DA:80,52
DA:81,52
DA:82,52
DA:96,52
DA:100,52
DA:101,16
DA:102,16
DA:103,16
DA:104,16
DA:105,16
DA:108,52
DA:112,52
DA:124,40
DA:125,40
DA:126,40
DA:127,40
DA:128,40
DA:129,40
DA:130,40
DA:131,40
DA:132,40
DA:133,40
DA:134,40
DA:135,40
DA:136,40
DA:138,40
DA:139,36
DA:140,36
DA:143,40
DA:144,37
DA:145,37
DA:148,40
DA:149,37
DA:150,37
DA:152,37
DA:153,37
DA:154,37
DA:155,37
DA:156,37
DA:157,37
DA:158,37
DA:159,37
DA:161,37
DA:172,37
DA:173,37
DA:175,37
DA:176,37
DA:177,37
DA:178,37
DA:179,68
DA:180,32
DA:186,32
DA:188,37
DA:190,37
DA:191,41
DA:198,37
DA:199,37
DA:201,37
DA:202,117
DA:203,116
DA:204,116
DA:205,116
DA:206,116
DA:207,116
DA:208,116
DA:212,37
DA:213,54
DA:214,40
DA:215,4
DA:216,2
DA:217,1
DA:218,1
DA:219,1
DA:220,1
DA:221,1
DA:222,1
DA:224,2
DA:225,2
DA:226,2
DA:228,40
DA:229,54
DA:230,54
DA:231,2
DA:232,0
DA:236,2
DA:238,52
DA:239,52
DA:241,52
DA:242,52
DA:243,52
DA:246,40
DA:249,37
DA:250,37
DA:252,37
DA:253,7
DA:254,7
DA:255,7
DA:256,7
DA:257,7
DA:258,7
DA:259,4
DA:260,4
DA:261,4
DA:262,16
DA:263,4
DA:264,4
DA:265,4
DA:266,2
DA:267,2
DA:272,2
DA:274,2
DA:276,4
DA:278,37
DA:279,37
DA:280,37
DA:281,4
DA:283,37
DA:284,37
DA:285,37
DA:287,37
DA:288,37
DA:289,37
DA:291,37
DA:292,37
DA:293,37
DA:294,37
DA:295,37
DA:296,37
DA:297,37
DA:298,37
DA:299,37
DA:300,37
DA:301,37
DA:302,37
DA:303,1
DA:304,1
DA:305,1
DA:306,1
DA:308,37
DA:309,37
DA:310,37
DA:311,37
DA:312,37
DA:313,37
DA:314,37
DA:315,37
DA:319,40
DA:320,40
DA:323,40
DA:324,36
DA:325,36
DA:326,36
DA:327,36
DA:330,40
DA:331,12
DA:332,12
DA:333,12
DA:334,12
DA:336,12
DA:340,12
DA:341,11
DA:344,11
DA:346,12
DA:347,12
DA:348,12
DA:349,12
DA:352,40
DA:353,22
DA:354,22
DA:355,21
DA:356,21
DA:357,22
DA:359,22
DA:361,21
DA:365,15
DA:367,21
DA:368,21
DA:371,40
DA:372,28
DA:373,25
DA:375,24
DA:376,28
DA:377,28
DA:378,28
DA:379,28
DA:382,23
DA:383,23
DA:393,23
DA:394,23
DA:395,23
DA:396,23
DA:400,23
DA:401,23
DA:405,23
DA:406,12
DA:407,12
DA:409,23
DA:410,23
DA:411,23
DA:412,23
DA:413,3
DA:415,23
DA:420,3
DA:422,23
DA:423,1
DA:425,23
DA:426,1
DA:428,23
DA:429,23
DA:430,23
DA:431,23
DA:432,23
DA:433,23
DA:434,23
DA:435,23
DA:436,23
DA:437,23
DA:438,23
DA:439,23
DA:440,23
DA:441,23
DA:442,23
DA:443,23
DA:444,23
DA:446,23
DA:449,40
DA:452,0
DA:475,54
DA:481,108
DA:482,54
DA:492,0
DA:494,15
DA:495,15
DA:496,9
DA:497,9
DA:498,9
DA:500,6
DA:512,1
DA:515,1
LF:270
LH:267
BRDA:40,0,0,52
BRDA:40,0,1,0
BRDA:50,1,0,0
BRDA:50,1,1,52
BRDA:78,2,0,16
BRDA:78,2,1,36
BRDA:79,3,0,16
BRDA:79,3,1,36
BRDA:80,4,0,16
BRDA:80,4,1,36
BRDA:96,5,0,36
BRDA:96,5,1,16
BRDA:100,6,0,16
BRDA:100,6,1,36
BRDA:150,7,0,0
BRDA:150,7,1,37
BRDA:179,8,0,36
BRDA:179,8,1,32
BRDA:183,9,0,28
BRDA:183,9,1,2
BRDA:204,10,0,0
BRDA:204,10,1,116
BRDA:215,11,0,2
BRDA:215,11,1,2
BRDA:216,12,0,1
BRDA:216,12,1,1
BRDA:218,13,0,1
BRDA:218,13,1,0
BRDA:230,14,0,2
BRDA:230,14,1,52
BRDA:231,15,0,0
BRDA:231,15,1,2
BRDA:240,16,0,18
BRDA:240,16,1,34
BRDA:253,17,0,0
BRDA:253,17,1,7
BRDA:258,18,0,3
BRDA:258,18,1,4
BRDA:258,19,0,7
BRDA:258,19,1,3
BRDA:265,20,0,2
BRDA:265,20,1,2
BRDA:272,21,0,2
BRDA:272,21,1,0
BRDA:281,22,0,3
BRDA:281,22,1,1
BRDA:302,23,0,1
BRDA:302,23,1,36
BRDA:304,24,0,0
BRDA:304,24,1,1
BRDA:325,25,0,0
BRDA:325,25,1,36
BRDA:332,26,0,0
BRDA:332,26,1,12
BRDA:332,27,0,12
BRDA:332,27,1,12
BRDA:334,28,0,0
BRDA:334,28,1,12
BRDA:340,29,0,11
BRDA:340,29,1,1
BRDA:340,30,0,12
BRDA:340,30,1,12
BRDA:352,31,0,22
BRDA:354,32,0,1
BRDA:354,32,1,21
BRDA:354,33,0,22
BRDA:354,33,1,22
BRDA:354,33,2,14
BRDA:359,34,0,1
BRDA:359,34,1,21
BRDA:361,35,0,15
BRDA:361,35,1,6
BRDA:361,36,0,21
BRDA:361,36,1,10
BRDA:372,37,0,3
BRDA:372,37,1,25
BRDA:372,38,0,28
BRDA:372,38,1,27
BRDA:372,38,2,27
BRDA:373,39,0,1
BRDA:373,39,1,24
BRDA:375,40,0,24
BRDA:375,40,1,0
BRDA:379,41,0,1
BRDA:379,41,1,27
BRDA:379,42,0,28
BRDA:379,42,1,24
BRDA:379,42,2,24
BRDA:379,42,3,24
BRDA:413,43,0,2
BRDA:413,43,1,1
BRDA:420,44,0,2
BRDA:420,44,1,1
BRDA:423,45,0,1
BRDA:423,45,1,0
BRDA:426,46,0,1
BRDA:426,46,1,0
BRDA:454,47,0,40
BRDA:454,47,1,38
BRDA:470,48,0,1
BRDA:470,48,1,39
BRDA:481,49,0,54
BRDA:481,49,1,54
BRDA:495,50,0,9
BRDA:495,50,1,6
BRDA:510,51,0,54
BRDA:510,51,1,4
BRDA:523,52,0,40
BRDA:523,52,1,2
BRF:109
BRH:94
end_of_record
TN:
SF:src/templates/plain/PlainTemplate.tsx
FN:9,PlainSiteTile
FN:56,(anonymous_1)
FN:59,(anonymous_2)
FN:59,(anonymous_3)
FN:70,PlainModuleActions
FN:96,PlainTemplate
FN:103,(anonymous_6)
FN:105,(anonymous_7)
FN:111,(anonymous_8)
FN:115,(anonymous_9)
FN:125,(anonymous_10)
FN:126,(anonymous_11)
FN:127,(anonymous_12)
FN:138,(anonymous_13)
FN:145,(anonymous_14)
FN:146,(anonymous_15)
FN:147,(anonymous_16)
FN:148,(anonymous_17)
FN:157,(anonymous_18)
FNF:19
FNH:19
FNDA:8,PlainSiteTile
FNDA:1,(anonymous_1)
FNDA:18,(anonymous_2)
FNDA:12,(anonymous_3)
FNDA:9,PlainModuleActions
FNDA:5,PlainTemplate
FNDA:5,(anonymous_6)
FNDA:5,(anonymous_7)
FNDA:1,(anonymous_8)
FNDA:12,(anonymous_9)
FNDA:1,(anonymous_10)
FNDA:1,(anonymous_11)
FNDA:1,(anonymous_12)
FNDA:8,(anonymous_13)
FNDA:1,(anonymous_14)
FNDA:1,(anonymous_15)
FNDA:1,(anonymous_16)
FNDA:2,(anonymous_17)
FNDA:1,(anonymous_18)
DA:28,8
DA:56,1
DA:59,18
DA:60,12
DA:81,9
DA:103,5
DA:104,5
DA:105,5
DA:108,5
DA:111,1
DA:116,12
DA:125,1
DA:126,1
DA:127,1
DA:139,8
DA:145,1
DA:146,1
DA:147,1
DA:148,2
DA:157,1
LF:20
LH:20
BRDA:29,0,0,6
BRDA:29,0,1,2
BRDA:41,1,0,8
BRDA:41,1,1,6
BRDA:114,2,0,4
BRDA:114,2,1,1
BRDA:122,3,0,9
BRDA:122,3,1,3
BRDA:136,4,0,8
BRDA:136,4,1,4
BRDA:156,5,0,4
BRDA:156,5,1,3
BRDA:176,6,0,5
BRDA:176,6,1,3
BRF:14
BRH:14
end_of_record
TN:
SF:src/utils/moveSite.ts
FN:11,moveSite
FN:14,(anonymous_1)
FN:15,(anonymous_2)
FN:16,(anonymous_3)
FN:17,(anonymous_4)
FN:21,(anonymous_5)
FN:23,(anonymous_6)
FNF:7
FNH:7
FNDA:23,moveSite
FNDA:25,(anonymous_1)
FNDA:43,(anonymous_2)
FNDA:40,(anonymous_3)
FNDA:17,(anonymous_4)
FNDA:30,(anonymous_5)
FNDA:30,(anonymous_6)
DA:12,23
DA:13,23
DA:14,25
DA:15,43
DA:16,40
DA:17,23
DA:19,10
DA:22,30
DA:23,30
DA:25,20
DA:26,10
DA:27,10
DA:28,10
DA:30,10
LF:14
LH:14
BRDA:13,0,0,2
BRDA:13,0,1,21
BRDA:17,1,0,11
BRDA:17,1,1,12
BRDA:17,2,0,23
BRDA:17,2,1,15
BRDA:17,2,2,13
BRDA:22,3,0,10
BRDA:22,3,1,20
BRDA:25,4,0,10
BRDA:25,4,1,10
BRDA:27,5,0,4
BRDA:27,5,1,6
BRF:13
BRH:13
end_of_record
